The system is: Linux - 4.4.0-62-generic - x86_64
Compiling the C compiler identification source file "CMakeCCompilerId.c" succeeded.
Compiler: /usr/bin/cc 
Build flags: 
Id flags: 

The output was:
0


Compilation of the C compiler identification source "CMakeCCompilerId.c" produced "a.out"

The C compiler identification is GNU, found in "/home/aditi/openmp/runtime/src/CMakeFiles/3.5.1/CompilerIdC/a.out"

Compiling the CXX compiler identification source file "CMakeCXXCompilerId.cpp" succeeded.
Compiler: /usr/bin/c++ 
Build flags: 
Id flags: 

The output was:
0


Compilation of the CXX compiler identification source "CMakeCXXCompilerId.cpp" produced "a.out"

The CXX compiler identification is GNU, found in "/home/aditi/openmp/runtime/src/CMakeFiles/3.5.1/CompilerIdCXX/a.out"

Determining if the C compiler works passed with the following output:
Change Dir: /home/aditi/openmp/runtime/src/CMakeFiles/CMakeTmp

Run Build Command:"/usr/bin/make" "cmTC_86786/fast"
/usr/bin/make -f CMakeFiles/cmTC_86786.dir/build.make CMakeFiles/cmTC_86786.dir/build
make[1]: Entering directory '/home/aditi/openmp/runtime/src/CMakeFiles/CMakeTmp'
Building C object CMakeFiles/cmTC_86786.dir/testCCompiler.c.o
/usr/bin/cc     -o CMakeFiles/cmTC_86786.dir/testCCompiler.c.o   -c /home/aditi/openmp/runtime/src/CMakeFiles/CMakeTmp/testCCompiler.c
Linking C executable cmTC_86786
/usr/bin/cmake -E cmake_link_script CMakeFiles/cmTC_86786.dir/link.txt --verbose=1
/usr/bin/cc       CMakeFiles/cmTC_86786.dir/testCCompiler.c.o  -o cmTC_86786 -rdynamic 
make[1]: Leaving directory '/home/aditi/openmp/runtime/src/CMakeFiles/CMakeTmp'


Detecting C compiler ABI info compiled with the following output:
Change Dir: /home/aditi/openmp/runtime/src/CMakeFiles/CMakeTmp

Run Build Command:"/usr/bin/make" "cmTC_0245a/fast"
/usr/bin/make -f CMakeFiles/cmTC_0245a.dir/build.make CMakeFiles/cmTC_0245a.dir/build
make[1]: Entering directory '/home/aditi/openmp/runtime/src/CMakeFiles/CMakeTmp'
Building C object CMakeFiles/cmTC_0245a.dir/CMakeCCompilerABI.c.o
/usr/bin/cc     -o CMakeFiles/cmTC_0245a.dir/CMakeCCompilerABI.c.o   -c /usr/share/cmake-3.5/Modules/CMakeCCompilerABI.c
Linking C executable cmTC_0245a
/usr/bin/cmake -E cmake_link_script CMakeFiles/cmTC_0245a.dir/link.txt --verbose=1
/usr/bin/cc      -v CMakeFiles/cmTC_0245a.dir/CMakeCCompilerABI.c.o  -o cmTC_0245a -rdynamic  
Using built-in specs.
COLLECT_GCC=/usr/bin/cc
COLLECT_LTO_WRAPPER=/usr/lib/gcc/x86_64-linux-gnu/5/lto-wrapper
Target: x86_64-linux-gnu
Configured with: ../src/configure -v --with-pkgversion='Ubuntu 5.4.0-6ubuntu1~16.04.4' --with-bugurl=file:///usr/share/doc/gcc-5/README.Bugs --enable-languages=c,ada,c++,java,go,d,fortran,objc,obj-c++ --prefix=/usr --program-suffix=-5 --enable-shared --enable-linker-build-id --libexecdir=/usr/lib --without-included-gettext --enable-threads=posix --libdir=/usr/lib --enable-nls --with-sysroot=/ --enable-clocale=gnu --enable-libstdcxx-debug --enable-libstdcxx-time=yes --with-default-libstdcxx-abi=new --enable-gnu-unique-object --disable-vtable-verify --enable-libmpx --enable-plugin --with-system-zlib --disable-browser-plugin --enable-java-awt=gtk --enable-gtk-cairo --with-java-home=/usr/lib/jvm/java-1.5.0-gcj-5-amd64/jre --enable-java-home --with-jvm-root-dir=/usr/lib/jvm/java-1.5.0-gcj-5-amd64 --with-jvm-jar-dir=/usr/lib/jvm-exports/java-1.5.0-gcj-5-amd64 --with-arch-directory=amd64 --with-ecj-jar=/usr/share/java/eclipse-ecj.jar --enable-objc-gc --enable-multiarch --disable-werror --with-arch-32=i686 --with-abi=m64 --with-multilib-list=m32,m64,mx32 --enable-multilib --with-tune=generic --enable-checking=release --build=x86_64-linux-gnu --host=x86_64-linux-gnu --target=x86_64-linux-gnu
Thread model: posix
gcc version 5.4.0 20160609 (Ubuntu 5.4.0-6ubuntu1~16.04.4) 
COMPILER_PATH=/usr/lib/gcc/x86_64-linux-gnu/5/:/usr/lib/gcc/x86_64-linux-gnu/5/:/usr/lib/gcc/x86_64-linux-gnu/:/usr/lib/gcc/x86_64-linux-gnu/5/:/usr/lib/gcc/x86_64-linux-gnu/
LIBRARY_PATH=/usr/lib/gcc/x86_64-linux-gnu/5/:/usr/lib/gcc/x86_64-linux-gnu/5/../../../x86_64-linux-gnu/:/usr/lib/gcc/x86_64-linux-gnu/5/../../../../lib/:/lib/x86_64-linux-gnu/:/lib/../lib/:/usr/lib/x86_64-linux-gnu/:/usr/lib/../lib/:/usr/lib/gcc/x86_64-linux-gnu/5/../../../:/lib/:/usr/lib/
COLLECT_GCC_OPTIONS='-v' '-o' 'cmTC_0245a' '-rdynamic' '-mtune=generic' '-march=x86-64'
 /usr/lib/gcc/x86_64-linux-gnu/5/collect2 -plugin /usr/lib/gcc/x86_64-linux-gnu/5/liblto_plugin.so -plugin-opt=/usr/lib/gcc/x86_64-linux-gnu/5/lto-wrapper -plugin-opt=-fresolution=/tmp/ccy5QHmb.res -plugin-opt=-pass-through=-lgcc -plugin-opt=-pass-through=-lgcc_s -plugin-opt=-pass-through=-lc -plugin-opt=-pass-through=-lgcc -plugin-opt=-pass-through=-lgcc_s --sysroot=/ --build-id --eh-frame-hdr -m elf_x86_64 --hash-style=gnu --as-needed -export-dynamic -dynamic-linker /lib64/ld-linux-x86-64.so.2 -z relro -o cmTC_0245a /usr/lib/gcc/x86_64-linux-gnu/5/../../../x86_64-linux-gnu/crt1.o /usr/lib/gcc/x86_64-linux-gnu/5/../../../x86_64-linux-gnu/crti.o /usr/lib/gcc/x86_64-linux-gnu/5/crtbegin.o -L/usr/lib/gcc/x86_64-linux-gnu/5 -L/usr/lib/gcc/x86_64-linux-gnu/5/../../../x86_64-linux-gnu -L/usr/lib/gcc/x86_64-linux-gnu/5/../../../../lib -L/lib/x86_64-linux-gnu -L/lib/../lib -L/usr/lib/x86_64-linux-gnu -L/usr/lib/../lib -L/usr/lib/gcc/x86_64-linux-gnu/5/../../.. CMakeFiles/cmTC_0245a.dir/CMakeCCompilerABI.c.o -lgcc --as-needed -lgcc_s --no-as-needed -lc -lgcc --as-needed -lgcc_s --no-as-needed /usr/lib/gcc/x86_64-linux-gnu/5/crtend.o /usr/lib/gcc/x86_64-linux-gnu/5/../../../x86_64-linux-gnu/crtn.o
make[1]: Leaving directory '/home/aditi/openmp/runtime/src/CMakeFiles/CMakeTmp'


Parsed C implicit link information from above output:
  link line regex: [^( *|.*[/\])(ld|([^/\]+-)?ld|collect2)[^/\]*( |$)]
  ignore line: [Change Dir: /home/aditi/openmp/runtime/src/CMakeFiles/CMakeTmp]
  ignore line: []
  ignore line: [Run Build Command:"/usr/bin/make" "cmTC_0245a/fast"]
  ignore line: [/usr/bin/make -f CMakeFiles/cmTC_0245a.dir/build.make CMakeFiles/cmTC_0245a.dir/build]
  ignore line: [make[1]: Entering directory '/home/aditi/openmp/runtime/src/CMakeFiles/CMakeTmp']
  ignore line: [Building C object CMakeFiles/cmTC_0245a.dir/CMakeCCompilerABI.c.o]
  ignore line: [/usr/bin/cc     -o CMakeFiles/cmTC_0245a.dir/CMakeCCompilerABI.c.o   -c /usr/share/cmake-3.5/Modules/CMakeCCompilerABI.c]
  ignore line: [Linking C executable cmTC_0245a]
  ignore line: [/usr/bin/cmake -E cmake_link_script CMakeFiles/cmTC_0245a.dir/link.txt --verbose=1]
  ignore line: [/usr/bin/cc      -v CMakeFiles/cmTC_0245a.dir/CMakeCCompilerABI.c.o  -o cmTC_0245a -rdynamic  ]
  ignore line: [Using built-in specs.]
  ignore line: [COLLECT_GCC=/usr/bin/cc]
  ignore line: [COLLECT_LTO_WRAPPER=/usr/lib/gcc/x86_64-linux-gnu/5/lto-wrapper]
  ignore line: [Target: x86_64-linux-gnu]
  ignore line: [Configured with: ../src/configure -v --with-pkgversion='Ubuntu 5.4.0-6ubuntu1~16.04.4' --with-bugurl=file:///usr/share/doc/gcc-5/README.Bugs --enable-languages=c,ada,c++,java,go,d,fortran,objc,obj-c++ --prefix=/usr --program-suffix=-5 --enable-shared --enable-linker-build-id --libexecdir=/usr/lib --without-included-gettext --enable-threads=posix --libdir=/usr/lib --enable-nls --with-sysroot=/ --enable-clocale=gnu --enable-libstdcxx-debug --enable-libstdcxx-time=yes --with-default-libstdcxx-abi=new --enable-gnu-unique-object --disable-vtable-verify --enable-libmpx --enable-plugin --with-system-zlib --disable-browser-plugin --enable-java-awt=gtk --enable-gtk-cairo --with-java-home=/usr/lib/jvm/java-1.5.0-gcj-5-amd64/jre --enable-java-home --with-jvm-root-dir=/usr/lib/jvm/java-1.5.0-gcj-5-amd64 --with-jvm-jar-dir=/usr/lib/jvm-exports/java-1.5.0-gcj-5-amd64 --with-arch-directory=amd64 --with-ecj-jar=/usr/share/java/eclipse-ecj.jar --enable-objc-gc --enable-multiarch --disable-werror --with-arch-32=i686 --with-abi=m64 --with-multilib-list=m32,m64,mx32 --enable-multilib --with-tune=generic --enable-checking=release --build=x86_64-linux-gnu --host=x86_64-linux-gnu --target=x86_64-linux-gnu]
  ignore line: [Thread model: posix]
  ignore line: [gcc version 5.4.0 20160609 (Ubuntu 5.4.0-6ubuntu1~16.04.4) ]
  ignore line: [COMPILER_PATH=/usr/lib/gcc/x86_64-linux-gnu/5/:/usr/lib/gcc/x86_64-linux-gnu/5/:/usr/lib/gcc/x86_64-linux-gnu/:/usr/lib/gcc/x86_64-linux-gnu/5/:/usr/lib/gcc/x86_64-linux-gnu/]
  ignore line: [LIBRARY_PATH=/usr/lib/gcc/x86_64-linux-gnu/5/:/usr/lib/gcc/x86_64-linux-gnu/5/../../../x86_64-linux-gnu/:/usr/lib/gcc/x86_64-linux-gnu/5/../../../../lib/:/lib/x86_64-linux-gnu/:/lib/../lib/:/usr/lib/x86_64-linux-gnu/:/usr/lib/../lib/:/usr/lib/gcc/x86_64-linux-gnu/5/../../../:/lib/:/usr/lib/]
  ignore line: [COLLECT_GCC_OPTIONS='-v' '-o' 'cmTC_0245a' '-rdynamic' '-mtune=generic' '-march=x86-64']
  link line: [ /usr/lib/gcc/x86_64-linux-gnu/5/collect2 -plugin /usr/lib/gcc/x86_64-linux-gnu/5/liblto_plugin.so -plugin-opt=/usr/lib/gcc/x86_64-linux-gnu/5/lto-wrapper -plugin-opt=-fresolution=/tmp/ccy5QHmb.res -plugin-opt=-pass-through=-lgcc -plugin-opt=-pass-through=-lgcc_s -plugin-opt=-pass-through=-lc -plugin-opt=-pass-through=-lgcc -plugin-opt=-pass-through=-lgcc_s --sysroot=/ --build-id --eh-frame-hdr -m elf_x86_64 --hash-style=gnu --as-needed -export-dynamic -dynamic-linker /lib64/ld-linux-x86-64.so.2 -z relro -o cmTC_0245a /usr/lib/gcc/x86_64-linux-gnu/5/../../../x86_64-linux-gnu/crt1.o /usr/lib/gcc/x86_64-linux-gnu/5/../../../x86_64-linux-gnu/crti.o /usr/lib/gcc/x86_64-linux-gnu/5/crtbegin.o -L/usr/lib/gcc/x86_64-linux-gnu/5 -L/usr/lib/gcc/x86_64-linux-gnu/5/../../../x86_64-linux-gnu -L/usr/lib/gcc/x86_64-linux-gnu/5/../../../../lib -L/lib/x86_64-linux-gnu -L/lib/../lib -L/usr/lib/x86_64-linux-gnu -L/usr/lib/../lib -L/usr/lib/gcc/x86_64-linux-gnu/5/../../.. CMakeFiles/cmTC_0245a.dir/CMakeCCompilerABI.c.o -lgcc --as-needed -lgcc_s --no-as-needed -lc -lgcc --as-needed -lgcc_s --no-as-needed /usr/lib/gcc/x86_64-linux-gnu/5/crtend.o /usr/lib/gcc/x86_64-linux-gnu/5/../../../x86_64-linux-gnu/crtn.o]
    arg [/usr/lib/gcc/x86_64-linux-gnu/5/collect2] ==> ignore
    arg [-plugin] ==> ignore
    arg [/usr/lib/gcc/x86_64-linux-gnu/5/liblto_plugin.so] ==> ignore
    arg [-plugin-opt=/usr/lib/gcc/x86_64-linux-gnu/5/lto-wrapper] ==> ignore
    arg [-plugin-opt=-fresolution=/tmp/ccy5QHmb.res] ==> ignore
    arg [-plugin-opt=-pass-through=-lgcc] ==> ignore
    arg [-plugin-opt=-pass-through=-lgcc_s] ==> ignore
    arg [-plugin-opt=-pass-through=-lc] ==> ignore
    arg [-plugin-opt=-pass-through=-lgcc] ==> ignore
    arg [-plugin-opt=-pass-through=-lgcc_s] ==> ignore
    arg [--sysroot=/] ==> ignore
    arg [--build-id] ==> ignore
    arg [--eh-frame-hdr] ==> ignore
    arg [-m] ==> ignore
    arg [elf_x86_64] ==> ignore
    arg [--hash-style=gnu] ==> ignore
    arg [--as-needed] ==> ignore
    arg [-export-dynamic] ==> ignore
    arg [-dynamic-linker] ==> ignore
    arg [/lib64/ld-linux-x86-64.so.2] ==> ignore
    arg [-zrelro] ==> ignore
    arg [-o] ==> ignore
    arg [cmTC_0245a] ==> ignore
    arg [/usr/lib/gcc/x86_64-linux-gnu/5/../../../x86_64-linux-gnu/crt1.o] ==> ignore
    arg [/usr/lib/gcc/x86_64-linux-gnu/5/../../../x86_64-linux-gnu/crti.o] ==> ignore
    arg [/usr/lib/gcc/x86_64-linux-gnu/5/crtbegin.o] ==> ignore
    arg [-L/usr/lib/gcc/x86_64-linux-gnu/5] ==> dir [/usr/lib/gcc/x86_64-linux-gnu/5]
    arg [-L/usr/lib/gcc/x86_64-linux-gnu/5/../../../x86_64-linux-gnu] ==> dir [/usr/lib/gcc/x86_64-linux-gnu/5/../../../x86_64-linux-gnu]
    arg [-L/usr/lib/gcc/x86_64-linux-gnu/5/../../../../lib] ==> dir [/usr/lib/gcc/x86_64-linux-gnu/5/../../../../lib]
    arg [-L/lib/x86_64-linux-gnu] ==> dir [/lib/x86_64-linux-gnu]
    arg [-L/lib/../lib] ==> dir [/lib/../lib]
    arg [-L/usr/lib/x86_64-linux-gnu] ==> dir [/usr/lib/x86_64-linux-gnu]
    arg [-L/usr/lib/../lib] ==> dir [/usr/lib/../lib]
    arg [-L/usr/lib/gcc/x86_64-linux-gnu/5/../../..] ==> dir [/usr/lib/gcc/x86_64-linux-gnu/5/../../..]
    arg [CMakeFiles/cmTC_0245a.dir/CMakeCCompilerABI.c.o] ==> ignore
    arg [-lgcc] ==> lib [gcc]
    arg [--as-needed] ==> ignore
    arg [-lgcc_s] ==> lib [gcc_s]
    arg [--no-as-needed] ==> ignore
    arg [-lc] ==> lib [c]
    arg [-lgcc] ==> lib [gcc]
    arg [--as-needed] ==> ignore
    arg [-lgcc_s] ==> lib [gcc_s]
    arg [--no-as-needed] ==> ignore
    arg [/usr/lib/gcc/x86_64-linux-gnu/5/crtend.o] ==> ignore
    arg [/usr/lib/gcc/x86_64-linux-gnu/5/../../../x86_64-linux-gnu/crtn.o] ==> ignore
  remove lib [gcc]
  remove lib [gcc_s]
  remove lib [gcc]
  remove lib [gcc_s]
  collapse library dir [/usr/lib/gcc/x86_64-linux-gnu/5] ==> [/usr/lib/gcc/x86_64-linux-gnu/5]
  collapse library dir [/usr/lib/gcc/x86_64-linux-gnu/5/../../../x86_64-linux-gnu] ==> [/usr/lib/x86_64-linux-gnu]
  collapse library dir [/usr/lib/gcc/x86_64-linux-gnu/5/../../../../lib] ==> [/usr/lib]
  collapse library dir [/lib/x86_64-linux-gnu] ==> [/lib/x86_64-linux-gnu]
  collapse library dir [/lib/../lib] ==> [/lib]
  collapse library dir [/usr/lib/x86_64-linux-gnu] ==> [/usr/lib/x86_64-linux-gnu]
  collapse library dir [/usr/lib/../lib] ==> [/usr/lib]
  collapse library dir [/usr/lib/gcc/x86_64-linux-gnu/5/../../..] ==> [/usr/lib]
  implicit libs: [c]
  implicit dirs: [/usr/lib/gcc/x86_64-linux-gnu/5;/usr/lib/x86_64-linux-gnu;/usr/lib;/lib/x86_64-linux-gnu;/lib]
  implicit fwks: []




Detecting C [-std=c11] compiler features compiled with the following output:
Change Dir: /home/aditi/openmp/runtime/src/CMakeFiles/CMakeTmp

Run Build Command:"/usr/bin/make" "cmTC_713bb/fast"
/usr/bin/make -f CMakeFiles/cmTC_713bb.dir/build.make CMakeFiles/cmTC_713bb.dir/build
make[1]: Entering directory '/home/aditi/openmp/runtime/src/CMakeFiles/CMakeTmp'
Building C object CMakeFiles/cmTC_713bb.dir/feature_tests.c.o
/usr/bin/cc    -std=c11 -o CMakeFiles/cmTC_713bb.dir/feature_tests.c.o   -c /home/aditi/openmp/runtime/src/CMakeFiles/feature_tests.c
Linking C executable cmTC_713bb
/usr/bin/cmake -E cmake_link_script CMakeFiles/cmTC_713bb.dir/link.txt --verbose=1
/usr/bin/cc       CMakeFiles/cmTC_713bb.dir/feature_tests.c.o  -o cmTC_713bb -rdynamic 
make[1]: Leaving directory '/home/aditi/openmp/runtime/src/CMakeFiles/CMakeTmp'


    Feature record: C_FEATURE:1c_function_prototypes
    Feature record: C_FEATURE:1c_restrict
    Feature record: C_FEATURE:1c_static_assert
    Feature record: C_FEATURE:1c_variadic_macros


Detecting C [-std=c99] compiler features compiled with the following output:
Change Dir: /home/aditi/openmp/runtime/src/CMakeFiles/CMakeTmp

Run Build Command:"/usr/bin/make" "cmTC_d7b0a/fast"
/usr/bin/make -f CMakeFiles/cmTC_d7b0a.dir/build.make CMakeFiles/cmTC_d7b0a.dir/build
make[1]: Entering directory '/home/aditi/openmp/runtime/src/CMakeFiles/CMakeTmp'
Building C object CMakeFiles/cmTC_d7b0a.dir/feature_tests.c.o
/usr/bin/cc    -std=c99 -o CMakeFiles/cmTC_d7b0a.dir/feature_tests.c.o   -c /home/aditi/openmp/runtime/src/CMakeFiles/feature_tests.c
Linking C executable cmTC_d7b0a
/usr/bin/cmake -E cmake_link_script CMakeFiles/cmTC_d7b0a.dir/link.txt --verbose=1
/usr/bin/cc       CMakeFiles/cmTC_d7b0a.dir/feature_tests.c.o  -o cmTC_d7b0a -rdynamic 
make[1]: Leaving directory '/home/aditi/openmp/runtime/src/CMakeFiles/CMakeTmp'


    Feature record: C_FEATURE:1c_function_prototypes
    Feature record: C_FEATURE:1c_restrict
    Feature record: C_FEATURE:0c_static_assert
    Feature record: C_FEATURE:1c_variadic_macros


Detecting C [-std=c90] compiler features compiled with the following output:
Change Dir: /home/aditi/openmp/runtime/src/CMakeFiles/CMakeTmp

Run Build Command:"/usr/bin/make" "cmTC_818c1/fast"
/usr/bin/make -f CMakeFiles/cmTC_818c1.dir/build.make CMakeFiles/cmTC_818c1.dir/build
make[1]: Entering directory '/home/aditi/openmp/runtime/src/CMakeFiles/CMakeTmp'
Building C object CMakeFiles/cmTC_818c1.dir/feature_tests.c.o
/usr/bin/cc    -std=c90 -o CMakeFiles/cmTC_818c1.dir/feature_tests.c.o   -c /home/aditi/openmp/runtime/src/CMakeFiles/feature_tests.c
Linking C executable cmTC_818c1
/usr/bin/cmake -E cmake_link_script CMakeFiles/cmTC_818c1.dir/link.txt --verbose=1
/usr/bin/cc       CMakeFiles/cmTC_818c1.dir/feature_tests.c.o  -o cmTC_818c1 -rdynamic 
make[1]: Leaving directory '/home/aditi/openmp/runtime/src/CMakeFiles/CMakeTmp'


    Feature record: C_FEATURE:1c_function_prototypes
    Feature record: C_FEATURE:0c_restrict
    Feature record: C_FEATURE:0c_static_assert
    Feature record: C_FEATURE:0c_variadic_macros
Determining if the CXX compiler works passed with the following output:
Change Dir: /home/aditi/openmp/runtime/src/CMakeFiles/CMakeTmp

Run Build Command:"/usr/bin/make" "cmTC_055d9/fast"
/usr/bin/make -f CMakeFiles/cmTC_055d9.dir/build.make CMakeFiles/cmTC_055d9.dir/build
make[1]: Entering directory '/home/aditi/openmp/runtime/src/CMakeFiles/CMakeTmp'
Building CXX object CMakeFiles/cmTC_055d9.dir/testCXXCompiler.cxx.o
/usr/bin/c++      -o CMakeFiles/cmTC_055d9.dir/testCXXCompiler.cxx.o -c /home/aditi/openmp/runtime/src/CMakeFiles/CMakeTmp/testCXXCompiler.cxx
Linking CXX executable cmTC_055d9
/usr/bin/cmake -E cmake_link_script CMakeFiles/cmTC_055d9.dir/link.txt --verbose=1
/usr/bin/c++        CMakeFiles/cmTC_055d9.dir/testCXXCompiler.cxx.o  -o cmTC_055d9 -rdynamic 
make[1]: Leaving directory '/home/aditi/openmp/runtime/src/CMakeFiles/CMakeTmp'


Detecting CXX compiler ABI info compiled with the following output:
Change Dir: /home/aditi/openmp/runtime/src/CMakeFiles/CMakeTmp

Run Build Command:"/usr/bin/make" "cmTC_39eb4/fast"
/usr/bin/make -f CMakeFiles/cmTC_39eb4.dir/build.make CMakeFiles/cmTC_39eb4.dir/build
make[1]: Entering directory '/home/aditi/openmp/runtime/src/CMakeFiles/CMakeTmp'
Building CXX object CMakeFiles/cmTC_39eb4.dir/CMakeCXXCompilerABI.cpp.o
/usr/bin/c++      -o CMakeFiles/cmTC_39eb4.dir/CMakeCXXCompilerABI.cpp.o -c /usr/share/cmake-3.5/Modules/CMakeCXXCompilerABI.cpp
Linking CXX executable cmTC_39eb4
/usr/bin/cmake -E cmake_link_script CMakeFiles/cmTC_39eb4.dir/link.txt --verbose=1
/usr/bin/c++       -v CMakeFiles/cmTC_39eb4.dir/CMakeCXXCompilerABI.cpp.o  -o cmTC_39eb4 -rdynamic  
Using built-in specs.
COLLECT_GCC=/usr/bin/c++
COLLECT_LTO_WRAPPER=/usr/lib/gcc/x86_64-linux-gnu/5/lto-wrapper
Target: x86_64-linux-gnu
Configured with: ../src/configure -v --with-pkgversion='Ubuntu 5.4.0-6ubuntu1~16.04.4' --with-bugurl=file:///usr/share/doc/gcc-5/README.Bugs --enable-languages=c,ada,c++,java,go,d,fortran,objc,obj-c++ --prefix=/usr --program-suffix=-5 --enable-shared --enable-linker-build-id --libexecdir=/usr/lib --without-included-gettext --enable-threads=posix --libdir=/usr/lib --enable-nls --with-sysroot=/ --enable-clocale=gnu --enable-libstdcxx-debug --enable-libstdcxx-time=yes --with-default-libstdcxx-abi=new --enable-gnu-unique-object --disable-vtable-verify --enable-libmpx --enable-plugin --with-system-zlib --disable-browser-plugin --enable-java-awt=gtk --enable-gtk-cairo --with-java-home=/usr/lib/jvm/java-1.5.0-gcj-5-amd64/jre --enable-java-home --with-jvm-root-dir=/usr/lib/jvm/java-1.5.0-gcj-5-amd64 --with-jvm-jar-dir=/usr/lib/jvm-exports/java-1.5.0-gcj-5-amd64 --with-arch-directory=amd64 --with-ecj-jar=/usr/share/java/eclipse-ecj.jar --enable-objc-gc --enable-multiarch --disable-werror --with-arch-32=i686 --with-abi=m64 --with-multilib-list=m32,m64,mx32 --enable-multilib --with-tune=generic --enable-checking=release --build=x86_64-linux-gnu --host=x86_64-linux-gnu --target=x86_64-linux-gnu
Thread model: posix
gcc version 5.4.0 20160609 (Ubuntu 5.4.0-6ubuntu1~16.04.4) 
COMPILER_PATH=/usr/lib/gcc/x86_64-linux-gnu/5/:/usr/lib/gcc/x86_64-linux-gnu/5/:/usr/lib/gcc/x86_64-linux-gnu/:/usr/lib/gcc/x86_64-linux-gnu/5/:/usr/lib/gcc/x86_64-linux-gnu/
LIBRARY_PATH=/usr/lib/gcc/x86_64-linux-gnu/5/:/usr/lib/gcc/x86_64-linux-gnu/5/../../../x86_64-linux-gnu/:/usr/lib/gcc/x86_64-linux-gnu/5/../../../../lib/:/lib/x86_64-linux-gnu/:/lib/../lib/:/usr/lib/x86_64-linux-gnu/:/usr/lib/../lib/:/usr/lib/gcc/x86_64-linux-gnu/5/../../../:/lib/:/usr/lib/
COLLECT_GCC_OPTIONS='-v' '-o' 'cmTC_39eb4' '-rdynamic' '-shared-libgcc' '-mtune=generic' '-march=x86-64'
 /usr/lib/gcc/x86_64-linux-gnu/5/collect2 -plugin /usr/lib/gcc/x86_64-linux-gnu/5/liblto_plugin.so -plugin-opt=/usr/lib/gcc/x86_64-linux-gnu/5/lto-wrapper -plugin-opt=-fresolution=/tmp/ccWH7aPO.res -plugin-opt=-pass-through=-lgcc_s -plugin-opt=-pass-through=-lgcc -plugin-opt=-pass-through=-lc -plugin-opt=-pass-through=-lgcc_s -plugin-opt=-pass-through=-lgcc --sysroot=/ --build-id --eh-frame-hdr -m elf_x86_64 --hash-style=gnu --as-needed -export-dynamic -dynamic-linker /lib64/ld-linux-x86-64.so.2 -z relro -o cmTC_39eb4 /usr/lib/gcc/x86_64-linux-gnu/5/../../../x86_64-linux-gnu/crt1.o /usr/lib/gcc/x86_64-linux-gnu/5/../../../x86_64-linux-gnu/crti.o /usr/lib/gcc/x86_64-linux-gnu/5/crtbegin.o -L/usr/lib/gcc/x86_64-linux-gnu/5 -L/usr/lib/gcc/x86_64-linux-gnu/5/../../../x86_64-linux-gnu -L/usr/lib/gcc/x86_64-linux-gnu/5/../../../../lib -L/lib/x86_64-linux-gnu -L/lib/../lib -L/usr/lib/x86_64-linux-gnu -L/usr/lib/../lib -L/usr/lib/gcc/x86_64-linux-gnu/5/../../.. CMakeFiles/cmTC_39eb4.dir/CMakeCXXCompilerABI.cpp.o -lstdc++ -lm -lgcc_s -lgcc -lc -lgcc_s -lgcc /usr/lib/gcc/x86_64-linux-gnu/5/crtend.o /usr/lib/gcc/x86_64-linux-gnu/5/../../../x86_64-linux-gnu/crtn.o
make[1]: Leaving directory '/home/aditi/openmp/runtime/src/CMakeFiles/CMakeTmp'


Parsed CXX implicit link information from above output:
  link line regex: [^( *|.*[/\])(ld|([^/\]+-)?ld|collect2)[^/\]*( |$)]
  ignore line: [Change Dir: /home/aditi/openmp/runtime/src/CMakeFiles/CMakeTmp]
  ignore line: []
  ignore line: [Run Build Command:"/usr/bin/make" "cmTC_39eb4/fast"]
  ignore line: [/usr/bin/make -f CMakeFiles/cmTC_39eb4.dir/build.make CMakeFiles/cmTC_39eb4.dir/build]
  ignore line: [make[1]: Entering directory '/home/aditi/openmp/runtime/src/CMakeFiles/CMakeTmp']
  ignore line: [Building CXX object CMakeFiles/cmTC_39eb4.dir/CMakeCXXCompilerABI.cpp.o]
  ignore line: [/usr/bin/c++      -o CMakeFiles/cmTC_39eb4.dir/CMakeCXXCompilerABI.cpp.o -c /usr/share/cmake-3.5/Modules/CMakeCXXCompilerABI.cpp]
  ignore line: [Linking CXX executable cmTC_39eb4]
  ignore line: [/usr/bin/cmake -E cmake_link_script CMakeFiles/cmTC_39eb4.dir/link.txt --verbose=1]
  ignore line: [/usr/bin/c++       -v CMakeFiles/cmTC_39eb4.dir/CMakeCXXCompilerABI.cpp.o  -o cmTC_39eb4 -rdynamic  ]
  ignore line: [Using built-in specs.]
  ignore line: [COLLECT_GCC=/usr/bin/c++]
  ignore line: [COLLECT_LTO_WRAPPER=/usr/lib/gcc/x86_64-linux-gnu/5/lto-wrapper]
  ignore line: [Target: x86_64-linux-gnu]
  ignore line: [Configured with: ../src/configure -v --with-pkgversion='Ubuntu 5.4.0-6ubuntu1~16.04.4' --with-bugurl=file:///usr/share/doc/gcc-5/README.Bugs --enable-languages=c,ada,c++,java,go,d,fortran,objc,obj-c++ --prefix=/usr --program-suffix=-5 --enable-shared --enable-linker-build-id --libexecdir=/usr/lib --without-included-gettext --enable-threads=posix --libdir=/usr/lib --enable-nls --with-sysroot=/ --enable-clocale=gnu --enable-libstdcxx-debug --enable-libstdcxx-time=yes --with-default-libstdcxx-abi=new --enable-gnu-unique-object --disable-vtable-verify --enable-libmpx --enable-plugin --with-system-zlib --disable-browser-plugin --enable-java-awt=gtk --enable-gtk-cairo --with-java-home=/usr/lib/jvm/java-1.5.0-gcj-5-amd64/jre --enable-java-home --with-jvm-root-dir=/usr/lib/jvm/java-1.5.0-gcj-5-amd64 --with-jvm-jar-dir=/usr/lib/jvm-exports/java-1.5.0-gcj-5-amd64 --with-arch-directory=amd64 --with-ecj-jar=/usr/share/java/eclipse-ecj.jar --enable-objc-gc --enable-multiarch --disable-werror --with-arch-32=i686 --with-abi=m64 --with-multilib-list=m32,m64,mx32 --enable-multilib --with-tune=generic --enable-checking=release --build=x86_64-linux-gnu --host=x86_64-linux-gnu --target=x86_64-linux-gnu]
  ignore line: [Thread model: posix]
  ignore line: [gcc version 5.4.0 20160609 (Ubuntu 5.4.0-6ubuntu1~16.04.4) ]
  ignore line: [COMPILER_PATH=/usr/lib/gcc/x86_64-linux-gnu/5/:/usr/lib/gcc/x86_64-linux-gnu/5/:/usr/lib/gcc/x86_64-linux-gnu/:/usr/lib/gcc/x86_64-linux-gnu/5/:/usr/lib/gcc/x86_64-linux-gnu/]
  ignore line: [LIBRARY_PATH=/usr/lib/gcc/x86_64-linux-gnu/5/:/usr/lib/gcc/x86_64-linux-gnu/5/../../../x86_64-linux-gnu/:/usr/lib/gcc/x86_64-linux-gnu/5/../../../../lib/:/lib/x86_64-linux-gnu/:/lib/../lib/:/usr/lib/x86_64-linux-gnu/:/usr/lib/../lib/:/usr/lib/gcc/x86_64-linux-gnu/5/../../../:/lib/:/usr/lib/]
  ignore line: [COLLECT_GCC_OPTIONS='-v' '-o' 'cmTC_39eb4' '-rdynamic' '-shared-libgcc' '-mtune=generic' '-march=x86-64']
  link line: [ /usr/lib/gcc/x86_64-linux-gnu/5/collect2 -plugin /usr/lib/gcc/x86_64-linux-gnu/5/liblto_plugin.so -plugin-opt=/usr/lib/gcc/x86_64-linux-gnu/5/lto-wrapper -plugin-opt=-fresolution=/tmp/ccWH7aPO.res -plugin-opt=-pass-through=-lgcc_s -plugin-opt=-pass-through=-lgcc -plugin-opt=-pass-through=-lc -plugin-opt=-pass-through=-lgcc_s -plugin-opt=-pass-through=-lgcc --sysroot=/ --build-id --eh-frame-hdr -m elf_x86_64 --hash-style=gnu --as-needed -export-dynamic -dynamic-linker /lib64/ld-linux-x86-64.so.2 -z relro -o cmTC_39eb4 /usr/lib/gcc/x86_64-linux-gnu/5/../../../x86_64-linux-gnu/crt1.o /usr/lib/gcc/x86_64-linux-gnu/5/../../../x86_64-linux-gnu/crti.o /usr/lib/gcc/x86_64-linux-gnu/5/crtbegin.o -L/usr/lib/gcc/x86_64-linux-gnu/5 -L/usr/lib/gcc/x86_64-linux-gnu/5/../../../x86_64-linux-gnu -L/usr/lib/gcc/x86_64-linux-gnu/5/../../../../lib -L/lib/x86_64-linux-gnu -L/lib/../lib -L/usr/lib/x86_64-linux-gnu -L/usr/lib/../lib -L/usr/lib/gcc/x86_64-linux-gnu/5/../../.. CMakeFiles/cmTC_39eb4.dir/CMakeCXXCompilerABI.cpp.o -lstdc++ -lm -lgcc_s -lgcc -lc -lgcc_s -lgcc /usr/lib/gcc/x86_64-linux-gnu/5/crtend.o /usr/lib/gcc/x86_64-linux-gnu/5/../../../x86_64-linux-gnu/crtn.o]
    arg [/usr/lib/gcc/x86_64-linux-gnu/5/collect2] ==> ignore
    arg [-plugin] ==> ignore
    arg [/usr/lib/gcc/x86_64-linux-gnu/5/liblto_plugin.so] ==> ignore
    arg [-plugin-opt=/usr/lib/gcc/x86_64-linux-gnu/5/lto-wrapper] ==> ignore
    arg [-plugin-opt=-fresolution=/tmp/ccWH7aPO.res] ==> ignore
    arg [-plugin-opt=-pass-through=-lgcc_s] ==> ignore
    arg [-plugin-opt=-pass-through=-lgcc] ==> ignore
    arg [-plugin-opt=-pass-through=-lc] ==> ignore
    arg [-plugin-opt=-pass-through=-lgcc_s] ==> ignore
    arg [-plugin-opt=-pass-through=-lgcc] ==> ignore
    arg [--sysroot=/] ==> ignore
    arg [--build-id] ==> ignore
    arg [--eh-frame-hdr] ==> ignore
    arg [-m] ==> ignore
    arg [elf_x86_64] ==> ignore
    arg [--hash-style=gnu] ==> ignore
    arg [--as-needed] ==> ignore
    arg [-export-dynamic] ==> ignore
    arg [-dynamic-linker] ==> ignore
    arg [/lib64/ld-linux-x86-64.so.2] ==> ignore
    arg [-zrelro] ==> ignore
    arg [-o] ==> ignore
    arg [cmTC_39eb4] ==> ignore
    arg [/usr/lib/gcc/x86_64-linux-gnu/5/../../../x86_64-linux-gnu/crt1.o] ==> ignore
    arg [/usr/lib/gcc/x86_64-linux-gnu/5/../../../x86_64-linux-gnu/crti.o] ==> ignore
    arg [/usr/lib/gcc/x86_64-linux-gnu/5/crtbegin.o] ==> ignore
    arg [-L/usr/lib/gcc/x86_64-linux-gnu/5] ==> dir [/usr/lib/gcc/x86_64-linux-gnu/5]
    arg [-L/usr/lib/gcc/x86_64-linux-gnu/5/../../../x86_64-linux-gnu] ==> dir [/usr/lib/gcc/x86_64-linux-gnu/5/../../../x86_64-linux-gnu]
    arg [-L/usr/lib/gcc/x86_64-linux-gnu/5/../../../../lib] ==> dir [/usr/lib/gcc/x86_64-linux-gnu/5/../../../../lib]
    arg [-L/lib/x86_64-linux-gnu] ==> dir [/lib/x86_64-linux-gnu]
    arg [-L/lib/../lib] ==> dir [/lib/../lib]
    arg [-L/usr/lib/x86_64-linux-gnu] ==> dir [/usr/lib/x86_64-linux-gnu]
    arg [-L/usr/lib/../lib] ==> dir [/usr/lib/../lib]
    arg [-L/usr/lib/gcc/x86_64-linux-gnu/5/../../..] ==> dir [/usr/lib/gcc/x86_64-linux-gnu/5/../../..]
    arg [CMakeFiles/cmTC_39eb4.dir/CMakeCXXCompilerABI.cpp.o] ==> ignore
    arg [-lstdc++] ==> lib [stdc++]
    arg [-lm] ==> lib [m]
    arg [-lgcc_s] ==> lib [gcc_s]
    arg [-lgcc] ==> lib [gcc]
    arg [-lc] ==> lib [c]
    arg [-lgcc_s] ==> lib [gcc_s]
    arg [-lgcc] ==> lib [gcc]
    arg [/usr/lib/gcc/x86_64-linux-gnu/5/crtend.o] ==> ignore
    arg [/usr/lib/gcc/x86_64-linux-gnu/5/../../../x86_64-linux-gnu/crtn.o] ==> ignore
  remove lib [gcc_s]
  remove lib [gcc]
  remove lib [gcc_s]
  remove lib [gcc]
  collapse library dir [/usr/lib/gcc/x86_64-linux-gnu/5] ==> [/usr/lib/gcc/x86_64-linux-gnu/5]
  collapse library dir [/usr/lib/gcc/x86_64-linux-gnu/5/../../../x86_64-linux-gnu] ==> [/usr/lib/x86_64-linux-gnu]
  collapse library dir [/usr/lib/gcc/x86_64-linux-gnu/5/../../../../lib] ==> [/usr/lib]
  collapse library dir [/lib/x86_64-linux-gnu] ==> [/lib/x86_64-linux-gnu]
  collapse library dir [/lib/../lib] ==> [/lib]
  collapse library dir [/usr/lib/x86_64-linux-gnu] ==> [/usr/lib/x86_64-linux-gnu]
  collapse library dir [/usr/lib/../lib] ==> [/usr/lib]
  collapse library dir [/usr/lib/gcc/x86_64-linux-gnu/5/../../..] ==> [/usr/lib]
  implicit libs: [stdc++;m;c]
  implicit dirs: [/usr/lib/gcc/x86_64-linux-gnu/5;/usr/lib/x86_64-linux-gnu;/usr/lib;/lib/x86_64-linux-gnu;/lib]
  implicit fwks: []




Detecting CXX [-std=c++14] compiler features compiled with the following output:
Change Dir: /home/aditi/openmp/runtime/src/CMakeFiles/CMakeTmp

Run Build Command:"/usr/bin/make" "cmTC_1b51c/fast"
/usr/bin/make -f CMakeFiles/cmTC_1b51c.dir/build.make CMakeFiles/cmTC_1b51c.dir/build
make[1]: Entering directory '/home/aditi/openmp/runtime/src/CMakeFiles/CMakeTmp'
Building CXX object CMakeFiles/cmTC_1b51c.dir/feature_tests.cxx.o
/usr/bin/c++     -std=c++14 -o CMakeFiles/cmTC_1b51c.dir/feature_tests.cxx.o -c /home/aditi/openmp/runtime/src/CMakeFiles/feature_tests.cxx
Linking CXX executable cmTC_1b51c
/usr/bin/cmake -E cmake_link_script CMakeFiles/cmTC_1b51c.dir/link.txt --verbose=1
/usr/bin/c++        CMakeFiles/cmTC_1b51c.dir/feature_tests.cxx.o  -o cmTC_1b51c -rdynamic 
make[1]: Leaving directory '/home/aditi/openmp/runtime/src/CMakeFiles/CMakeTmp'


    Feature record: CXX_FEATURE:1cxx_aggregate_default_initializers
    Feature record: CXX_FEATURE:1cxx_alias_templates
    Feature record: CXX_FEATURE:1cxx_alignas
    Feature record: CXX_FEATURE:1cxx_alignof
    Feature record: CXX_FEATURE:1cxx_attributes
    Feature record: CXX_FEATURE:1cxx_attribute_deprecated
    Feature record: CXX_FEATURE:1cxx_auto_type
    Feature record: CXX_FEATURE:1cxx_binary_literals
    Feature record: CXX_FEATURE:1cxx_constexpr
    Feature record: CXX_FEATURE:1cxx_contextual_conversions
    Feature record: CXX_FEATURE:1cxx_decltype
    Feature record: CXX_FEATURE:1cxx_decltype_auto
    Feature record: CXX_FEATURE:1cxx_decltype_incomplete_return_types
    Feature record: CXX_FEATURE:1cxx_default_function_template_args
    Feature record: CXX_FEATURE:1cxx_defaulted_functions
    Feature record: CXX_FEATURE:1cxx_defaulted_move_initializers
    Feature record: CXX_FEATURE:1cxx_delegating_constructors
    Feature record: CXX_FEATURE:1cxx_deleted_functions
    Feature record: CXX_FEATURE:1cxx_digit_separators
    Feature record: CXX_FEATURE:1cxx_enum_forward_declarations
    Feature record: CXX_FEATURE:1cxx_explicit_conversions
    Feature record: CXX_FEATURE:1cxx_extended_friend_declarations
    Feature record: CXX_FEATURE:1cxx_extern_templates
    Feature record: CXX_FEATURE:1cxx_final
    Feature record: CXX_FEATURE:1cxx_func_identifier
    Feature record: CXX_FEATURE:1cxx_generalized_initializers
    Feature record: CXX_FEATURE:1cxx_generic_lambdas
    Feature record: CXX_FEATURE:1cxx_inheriting_constructors
    Feature record: CXX_FEATURE:1cxx_inline_namespaces
    Feature record: CXX_FEATURE:1cxx_lambdas
    Feature record: CXX_FEATURE:1cxx_lambda_init_captures
    Feature record: CXX_FEATURE:1cxx_local_type_template_args
    Feature record: CXX_FEATURE:1cxx_long_long_type
    Feature record: CXX_FEATURE:1cxx_noexcept
    Feature record: CXX_FEATURE:1cxx_nonstatic_member_init
    Feature record: CXX_FEATURE:1cxx_nullptr
    Feature record: CXX_FEATURE:1cxx_override
    Feature record: CXX_FEATURE:1cxx_range_for
    Feature record: CXX_FEATURE:1cxx_raw_string_literals
    Feature record: CXX_FEATURE:1cxx_reference_qualified_functions
    Feature record: CXX_FEATURE:1cxx_relaxed_constexpr
    Feature record: CXX_FEATURE:1cxx_return_type_deduction
    Feature record: CXX_FEATURE:1cxx_right_angle_brackets
    Feature record: CXX_FEATURE:1cxx_rvalue_references
    Feature record: CXX_FEATURE:1cxx_sizeof_member
    Feature record: CXX_FEATURE:1cxx_static_assert
    Feature record: CXX_FEATURE:1cxx_strong_enums
    Feature record: CXX_FEATURE:1cxx_template_template_parameters
    Feature record: CXX_FEATURE:1cxx_thread_local
    Feature record: CXX_FEATURE:1cxx_trailing_return_types
    Feature record: CXX_FEATURE:1cxx_unicode_literals
    Feature record: CXX_FEATURE:1cxx_uniform_initialization
    Feature record: CXX_FEATURE:1cxx_unrestricted_unions
    Feature record: CXX_FEATURE:1cxx_user_literals
    Feature record: CXX_FEATURE:1cxx_variable_templates
    Feature record: CXX_FEATURE:1cxx_variadic_macros
    Feature record: CXX_FEATURE:1cxx_variadic_templates


Detecting CXX [-std=c++11] compiler features compiled with the following output:
Change Dir: /home/aditi/openmp/runtime/src/CMakeFiles/CMakeTmp

Run Build Command:"/usr/bin/make" "cmTC_c802a/fast"
/usr/bin/make -f CMakeFiles/cmTC_c802a.dir/build.make CMakeFiles/cmTC_c802a.dir/build
make[1]: Entering directory '/home/aditi/openmp/runtime/src/CMakeFiles/CMakeTmp'
Building CXX object CMakeFiles/cmTC_c802a.dir/feature_tests.cxx.o
/usr/bin/c++     -std=c++11 -o CMakeFiles/cmTC_c802a.dir/feature_tests.cxx.o -c /home/aditi/openmp/runtime/src/CMakeFiles/feature_tests.cxx
Linking CXX executable cmTC_c802a
/usr/bin/cmake -E cmake_link_script CMakeFiles/cmTC_c802a.dir/link.txt --verbose=1
/usr/bin/c++        CMakeFiles/cmTC_c802a.dir/feature_tests.cxx.o  -o cmTC_c802a -rdynamic 
make[1]: Leaving directory '/home/aditi/openmp/runtime/src/CMakeFiles/CMakeTmp'


    Feature record: CXX_FEATURE:0cxx_aggregate_default_initializers
    Feature record: CXX_FEATURE:1cxx_alias_templates
    Feature record: CXX_FEATURE:1cxx_alignas
    Feature record: CXX_FEATURE:1cxx_alignof
    Feature record: CXX_FEATURE:1cxx_attributes
    Feature record: CXX_FEATURE:0cxx_attribute_deprecated
    Feature record: CXX_FEATURE:1cxx_auto_type
    Feature record: CXX_FEATURE:0cxx_binary_literals
    Feature record: CXX_FEATURE:1cxx_constexpr
    Feature record: CXX_FEATURE:0cxx_contextual_conversions
    Feature record: CXX_FEATURE:1cxx_decltype
    Feature record: CXX_FEATURE:0cxx_decltype_auto
    Feature record: CXX_FEATURE:1cxx_decltype_incomplete_return_types
    Feature record: CXX_FEATURE:1cxx_default_function_template_args
    Feature record: CXX_FEATURE:1cxx_defaulted_functions
    Feature record: CXX_FEATURE:1cxx_defaulted_move_initializers
    Feature record: CXX_FEATURE:1cxx_delegating_constructors
    Feature record: CXX_FEATURE:1cxx_deleted_functions
    Feature record: CXX_FEATURE:0cxx_digit_separators
    Feature record: CXX_FEATURE:1cxx_enum_forward_declarations
    Feature record: CXX_FEATURE:1cxx_explicit_conversions
    Feature record: CXX_FEATURE:1cxx_extended_friend_declarations
    Feature record: CXX_FEATURE:1cxx_extern_templates
    Feature record: CXX_FEATURE:1cxx_final
    Feature record: CXX_FEATURE:1cxx_func_identifier
    Feature record: CXX_FEATURE:1cxx_generalized_initializers
    Feature record: CXX_FEATURE:0cxx_generic_lambdas
    Feature record: CXX_FEATURE:1cxx_inheriting_constructors
    Feature record: CXX_FEATURE:1cxx_inline_namespaces
    Feature record: CXX_FEATURE:1cxx_lambdas
    Feature record: CXX_FEATURE:0cxx_lambda_init_captures
    Feature record: CXX_FEATURE:1cxx_local_type_template_args
    Feature record: CXX_FEATURE:1cxx_long_long_type
    Feature record: CXX_FEATURE:1cxx_noexcept
    Feature record: CXX_FEATURE:1cxx_nonstatic_member_init
    Feature record: CXX_FEATURE:1cxx_nullptr
    Feature record: CXX_FEATURE:1cxx_override
    Feature record: CXX_FEATURE:1cxx_range_for
    Feature record: CXX_FEATURE:1cxx_raw_string_literals
    Feature record: CXX_FEATURE:1cxx_reference_qualified_functions
    Feature record: CXX_FEATURE:0cxx_relaxed_constexpr
    Feature record: CXX_FEATURE:0cxx_return_type_deduction
    Feature record: CXX_FEATURE:1cxx_right_angle_brackets
    Feature record: CXX_FEATURE:1cxx_rvalue_references
    Feature record: CXX_FEATURE:1cxx_sizeof_member
    Feature record: CXX_FEATURE:1cxx_static_assert
    Feature record: CXX_FEATURE:1cxx_strong_enums
    Feature record: CXX_FEATURE:1cxx_template_template_parameters
    Feature record: CXX_FEATURE:1cxx_thread_local
    Feature record: CXX_FEATURE:1cxx_trailing_return_types
    Feature record: CXX_FEATURE:1cxx_unicode_literals
    Feature record: CXX_FEATURE:1cxx_uniform_initialization
    Feature record: CXX_FEATURE:1cxx_unrestricted_unions
    Feature record: CXX_FEATURE:1cxx_user_literals
    Feature record: CXX_FEATURE:0cxx_variable_templates
    Feature record: CXX_FEATURE:1cxx_variadic_macros
    Feature record: CXX_FEATURE:1cxx_variadic_templates


Detecting CXX [-std=c++98] compiler features compiled with the following output:
Change Dir: /home/aditi/openmp/runtime/src/CMakeFiles/CMakeTmp

Run Build Command:"/usr/bin/make" "cmTC_cfef3/fast"
/usr/bin/make -f CMakeFiles/cmTC_cfef3.dir/build.make CMakeFiles/cmTC_cfef3.dir/build
make[1]: Entering directory '/home/aditi/openmp/runtime/src/CMakeFiles/CMakeTmp'
Building CXX object CMakeFiles/cmTC_cfef3.dir/feature_tests.cxx.o
/usr/bin/c++     -std=c++98 -o CMakeFiles/cmTC_cfef3.dir/feature_tests.cxx.o -c /home/aditi/openmp/runtime/src/CMakeFiles/feature_tests.cxx
Linking CXX executable cmTC_cfef3
/usr/bin/cmake -E cmake_link_script CMakeFiles/cmTC_cfef3.dir/link.txt --verbose=1
/usr/bin/c++        CMakeFiles/cmTC_cfef3.dir/feature_tests.cxx.o  -o cmTC_cfef3 -rdynamic 
make[1]: Leaving directory '/home/aditi/openmp/runtime/src/CMakeFiles/CMakeTmp'


    Feature record: CXX_FEATURE:0cxx_aggregate_default_initializers
    Feature record: CXX_FEATURE:0cxx_alias_templates
    Feature record: CXX_FEATURE:0cxx_alignas
    Feature record: CXX_FEATURE:0cxx_alignof
    Feature record: CXX_FEATURE:0cxx_attributes
    Feature record: CXX_FEATURE:0cxx_attribute_deprecated
    Feature record: CXX_FEATURE:0cxx_auto_type
    Feature record: CXX_FEATURE:0cxx_binary_literals
    Feature record: CXX_FEATURE:0cxx_constexpr
    Feature record: CXX_FEATURE:0cxx_contextual_conversions
    Feature record: CXX_FEATURE:0cxx_decltype
    Feature record: CXX_FEATURE:0cxx_decltype_auto
    Feature record: CXX_FEATURE:0cxx_decltype_incomplete_return_types
    Feature record: CXX_FEATURE:0cxx_default_function_template_args
    Feature record: CXX_FEATURE:0cxx_defaulted_functions
    Feature record: CXX_FEATURE:0cxx_defaulted_move_initializers
    Feature record: CXX_FEATURE:0cxx_delegating_constructors
    Feature record: CXX_FEATURE:0cxx_deleted_functions
    Feature record: CXX_FEATURE:0cxx_digit_separators
    Feature record: CXX_FEATURE:0cxx_enum_forward_declarations
    Feature record: CXX_FEATURE:0cxx_explicit_conversions
    Feature record: CXX_FEATURE:0cxx_extended_friend_declarations
    Feature record: CXX_FEATURE:0cxx_extern_templates
    Feature record: CXX_FEATURE:0cxx_final
    Feature record: CXX_FEATURE:0cxx_func_identifier
    Feature record: CXX_FEATURE:0cxx_generalized_initializers
    Feature record: CXX_FEATURE:0cxx_generic_lambdas
    Feature record: CXX_FEATURE:0cxx_inheriting_constructors
    Feature record: CXX_FEATURE:0cxx_inline_namespaces
    Feature record: CXX_FEATURE:0cxx_lambdas
    Feature record: CXX_FEATURE:0cxx_lambda_init_captures
    Feature record: CXX_FEATURE:0cxx_local_type_template_args
    Feature record: CXX_FEATURE:0cxx_long_long_type
    Feature record: CXX_FEATURE:0cxx_noexcept
    Feature record: CXX_FEATURE:0cxx_nonstatic_member_init
    Feature record: CXX_FEATURE:0cxx_nullptr
    Feature record: CXX_FEATURE:0cxx_override
    Feature record: CXX_FEATURE:0cxx_range_for
    Feature record: CXX_FEATURE:0cxx_raw_string_literals
    Feature record: CXX_FEATURE:0cxx_reference_qualified_functions
    Feature record: CXX_FEATURE:0cxx_relaxed_constexpr
    Feature record: CXX_FEATURE:0cxx_return_type_deduction
    Feature record: CXX_FEATURE:0cxx_right_angle_brackets
    Feature record: CXX_FEATURE:0cxx_rvalue_references
    Feature record: CXX_FEATURE:0cxx_sizeof_member
    Feature record: CXX_FEATURE:0cxx_static_assert
    Feature record: CXX_FEATURE:0cxx_strong_enums
    Feature record: CXX_FEATURE:1cxx_template_template_parameters
    Feature record: CXX_FEATURE:0cxx_thread_local
    Feature record: CXX_FEATURE:0cxx_trailing_return_types
    Feature record: CXX_FEATURE:0cxx_unicode_literals
    Feature record: CXX_FEATURE:0cxx_uniform_initialization
    Feature record: CXX_FEATURE:0cxx_unrestricted_unions
    Feature record: CXX_FEATURE:0cxx_user_literals
    Feature record: CXX_FEATURE:0cxx_variable_templates
    Feature record: CXX_FEATURE:0cxx_variadic_macros
    Feature record: CXX_FEATURE:0cxx_variadic_templates
Performing C++ SOURCE FILE Test LIBOMP_HAVE_STD_CPP11_FLAG succeeded with the following output:
Change Dir: /home/aditi/openmp/runtime/src/CMakeFiles/CMakeTmp

Run Build Command:"/usr/bin/make" "cmTC_099d1/fast"
/usr/bin/make -f CMakeFiles/cmTC_099d1.dir/build.make CMakeFiles/cmTC_099d1.dir/build
make[1]: Entering directory '/home/aditi/openmp/runtime/src/CMakeFiles/CMakeTmp'
Building CXX object CMakeFiles/cmTC_099d1.dir/src.cxx.o
/usr/bin/c++     -DLIBOMP_HAVE_STD_CPP11_FLAG   -std=c++11 -o CMakeFiles/cmTC_099d1.dir/src.cxx.o -c /home/aditi/openmp/runtime/src/CMakeFiles/CMakeTmp/src.cxx
Linking CXX executable cmTC_099d1
/usr/bin/cmake -E cmake_link_script CMakeFiles/cmTC_099d1.dir/link.txt --verbose=1
/usr/bin/c++    -DLIBOMP_HAVE_STD_CPP11_FLAG    CMakeFiles/cmTC_099d1.dir/src.cxx.o  -o cmTC_099d1 -rdynamic 
make[1]: Leaving directory '/home/aditi/openmp/runtime/src/CMakeFiles/CMakeTmp'

Source file was:
int main() { return 0; }
Performing C++ SOURCE FILE Test LIBOMP_HAVE_FNO_EXCEPTIONS_FLAG succeeded with the following output:
Change Dir: /home/aditi/openmp/runtime/src/CMakeFiles/CMakeTmp

Run Build Command:"/usr/bin/make" "cmTC_56bc0/fast"
/usr/bin/make -f CMakeFiles/cmTC_56bc0.dir/build.make CMakeFiles/cmTC_56bc0.dir/build
make[1]: Entering directory '/home/aditi/openmp/runtime/src/CMakeFiles/CMakeTmp'
Building CXX object CMakeFiles/cmTC_56bc0.dir/src.cxx.o
/usr/bin/c++     -DLIBOMP_HAVE_FNO_EXCEPTIONS_FLAG   -fno-exceptions -o CMakeFiles/cmTC_56bc0.dir/src.cxx.o -c /home/aditi/openmp/runtime/src/CMakeFiles/CMakeTmp/src.cxx
Linking CXX executable cmTC_56bc0
/usr/bin/cmake -E cmake_link_script CMakeFiles/cmTC_56bc0.dir/link.txt --verbose=1
/usr/bin/c++    -DLIBOMP_HAVE_FNO_EXCEPTIONS_FLAG    CMakeFiles/cmTC_56bc0.dir/src.cxx.o  -o cmTC_56bc0 -rdynamic 
make[1]: Leaving directory '/home/aditi/openmp/runtime/src/CMakeFiles/CMakeTmp'

Source file was:
int main() { return 0; }
Performing C++ SOURCE FILE Test LIBOMP_HAVE_FNO_RTTI_FLAG succeeded with the following output:
Change Dir: /home/aditi/openmp/runtime/src/CMakeFiles/CMakeTmp

Run Build Command:"/usr/bin/make" "cmTC_bc07e/fast"
/usr/bin/make -f CMakeFiles/cmTC_bc07e.dir/build.make CMakeFiles/cmTC_bc07e.dir/build
make[1]: Entering directory '/home/aditi/openmp/runtime/src/CMakeFiles/CMakeTmp'
Building CXX object CMakeFiles/cmTC_bc07e.dir/src.cxx.o
/usr/bin/c++     -DLIBOMP_HAVE_FNO_RTTI_FLAG   -fno-rtti -o CMakeFiles/cmTC_bc07e.dir/src.cxx.o -c /home/aditi/openmp/runtime/src/CMakeFiles/CMakeTmp/src.cxx
Linking CXX executable cmTC_bc07e
/usr/bin/cmake -E cmake_link_script CMakeFiles/cmTC_bc07e.dir/link.txt --verbose=1
/usr/bin/c++    -DLIBOMP_HAVE_FNO_RTTI_FLAG    CMakeFiles/cmTC_bc07e.dir/src.cxx.o  -o cmTC_bc07e -rdynamic 
make[1]: Leaving directory '/home/aditi/openmp/runtime/src/CMakeFiles/CMakeTmp'

Source file was:
int main() { return 0; }
Performing C SOURCE FILE Test LIBOMP_HAVE_X_CPP_FLAG succeeded with the following output:
Change Dir: /home/aditi/openmp/runtime/src/CMakeFiles/CMakeTmp

Run Build Command:"/usr/bin/make" "cmTC_d1d29/fast"
/usr/bin/make -f CMakeFiles/cmTC_d1d29.dir/build.make CMakeFiles/cmTC_d1d29.dir/build
make[1]: Entering directory '/home/aditi/openmp/runtime/src/CMakeFiles/CMakeTmp'
Building C object CMakeFiles/cmTC_d1d29.dir/src.c.o
/usr/bin/cc    -DLIBOMP_HAVE_X_CPP_FLAG   -x c++ -o CMakeFiles/cmTC_d1d29.dir/src.c.o   -c /home/aditi/openmp/runtime/src/CMakeFiles/CMakeTmp/src.c
Linking C executable cmTC_d1d29
/usr/bin/cmake -E cmake_link_script CMakeFiles/cmTC_d1d29.dir/link.txt --verbose=1
/usr/bin/cc   -DLIBOMP_HAVE_X_CPP_FLAG    CMakeFiles/cmTC_d1d29.dir/src.c.o  -o cmTC_d1d29 -rdynamic 
make[1]: Leaving directory '/home/aditi/openmp/runtime/src/CMakeFiles/CMakeTmp'

Source file was:
int main(void) { return 0; }
Performing C SOURCE FILE Test LIBOMP_HAVE_WERROR_FLAG succeeded with the following output:
Change Dir: /home/aditi/openmp/runtime/src/CMakeFiles/CMakeTmp

Run Build Command:"/usr/bin/make" "cmTC_b9743/fast"
/usr/bin/make -f CMakeFiles/cmTC_b9743.dir/build.make CMakeFiles/cmTC_b9743.dir/build
make[1]: Entering directory '/home/aditi/openmp/runtime/src/CMakeFiles/CMakeTmp'
Building C object CMakeFiles/cmTC_b9743.dir/src.c.o
/usr/bin/cc    -DLIBOMP_HAVE_WERROR_FLAG   -Werror -o CMakeFiles/cmTC_b9743.dir/src.c.o   -c /home/aditi/openmp/runtime/src/CMakeFiles/CMakeTmp/src.c
Linking C executable cmTC_b9743
/usr/bin/cmake -E cmake_link_script CMakeFiles/cmTC_b9743.dir/link.txt --verbose=1
/usr/bin/cc   -DLIBOMP_HAVE_WERROR_FLAG    CMakeFiles/cmTC_b9743.dir/src.c.o  -o cmTC_b9743 -rdynamic 
make[1]: Leaving directory '/home/aditi/openmp/runtime/src/CMakeFiles/CMakeTmp'

Source file was:
int main(void) { return 0; }
Performing C SOURCE FILE Test LIBOMP_HAVE_WNO_UNUSED_FUNCTION_FLAG succeeded with the following output:
Change Dir: /home/aditi/openmp/runtime/src/CMakeFiles/CMakeTmp

Run Build Command:"/usr/bin/make" "cmTC_bbaa6/fast"
/usr/bin/make -f CMakeFiles/cmTC_bbaa6.dir/build.make CMakeFiles/cmTC_bbaa6.dir/build
make[1]: Entering directory '/home/aditi/openmp/runtime/src/CMakeFiles/CMakeTmp'
Building C object CMakeFiles/cmTC_bbaa6.dir/src.c.o
/usr/bin/cc    -DLIBOMP_HAVE_WNO_UNUSED_FUNCTION_FLAG   -Wunused-function -o CMakeFiles/cmTC_bbaa6.dir/src.c.o   -c /home/aditi/openmp/runtime/src/CMakeFiles/CMakeTmp/src.c
Linking C executable cmTC_bbaa6
/usr/bin/cmake -E cmake_link_script CMakeFiles/cmTC_bbaa6.dir/link.txt --verbose=1
/usr/bin/cc   -DLIBOMP_HAVE_WNO_UNUSED_FUNCTION_FLAG    CMakeFiles/cmTC_bbaa6.dir/src.c.o  -o cmTC_bbaa6 -rdynamic 
make[1]: Leaving directory '/home/aditi/openmp/runtime/src/CMakeFiles/CMakeTmp'

Source file was:
int main(void) { return 0; }
Performing C SOURCE FILE Test LIBOMP_HAVE_WNO_UNUSED_VALUE_FLAG succeeded with the following output:
Change Dir: /home/aditi/openmp/runtime/src/CMakeFiles/CMakeTmp

Run Build Command:"/usr/bin/make" "cmTC_cb0b0/fast"
/usr/bin/make -f CMakeFiles/cmTC_cb0b0.dir/build.make CMakeFiles/cmTC_cb0b0.dir/build
make[1]: Entering directory '/home/aditi/openmp/runtime/src/CMakeFiles/CMakeTmp'
Building C object CMakeFiles/cmTC_cb0b0.dir/src.c.o
/usr/bin/cc    -DLIBOMP_HAVE_WNO_UNUSED_VALUE_FLAG   -Wunused-value -o CMakeFiles/cmTC_cb0b0.dir/src.c.o   -c /home/aditi/openmp/runtime/src/CMakeFiles/CMakeTmp/src.c
Linking C executable cmTC_cb0b0
/usr/bin/cmake -E cmake_link_script CMakeFiles/cmTC_cb0b0.dir/link.txt --verbose=1
/usr/bin/cc   -DLIBOMP_HAVE_WNO_UNUSED_VALUE_FLAG    CMakeFiles/cmTC_cb0b0.dir/src.c.o  -o cmTC_cb0b0 -rdynamic 
make[1]: Leaving directory '/home/aditi/openmp/runtime/src/CMakeFiles/CMakeTmp'

Source file was:
int main(void) { return 0; }
Performing C SOURCE FILE Test LIBOMP_HAVE_WNO_UNUSED_VARIABLE_FLAG succeeded with the following output:
Change Dir: /home/aditi/openmp/runtime/src/CMakeFiles/CMakeTmp

Run Build Command:"/usr/bin/make" "cmTC_3999c/fast"
/usr/bin/make -f CMakeFiles/cmTC_3999c.dir/build.make CMakeFiles/cmTC_3999c.dir/build
make[1]: Entering directory '/home/aditi/openmp/runtime/src/CMakeFiles/CMakeTmp'
Building C object CMakeFiles/cmTC_3999c.dir/src.c.o
/usr/bin/cc    -DLIBOMP_HAVE_WNO_UNUSED_VARIABLE_FLAG   -Wunused-variable -o CMakeFiles/cmTC_3999c.dir/src.c.o   -c /home/aditi/openmp/runtime/src/CMakeFiles/CMakeTmp/src.c
Linking C executable cmTC_3999c
/usr/bin/cmake -E cmake_link_script CMakeFiles/cmTC_3999c.dir/link.txt --verbose=1
/usr/bin/cc   -DLIBOMP_HAVE_WNO_UNUSED_VARIABLE_FLAG    CMakeFiles/cmTC_3999c.dir/src.c.o  -o cmTC_3999c -rdynamic 
make[1]: Leaving directory '/home/aditi/openmp/runtime/src/CMakeFiles/CMakeTmp'

Source file was:
int main(void) { return 0; }
Performing C SOURCE FILE Test LIBOMP_HAVE_WNO_SWITCH_FLAG succeeded with the following output:
Change Dir: /home/aditi/openmp/runtime/src/CMakeFiles/CMakeTmp

Run Build Command:"/usr/bin/make" "cmTC_77a72/fast"
/usr/bin/make -f CMakeFiles/cmTC_77a72.dir/build.make CMakeFiles/cmTC_77a72.dir/build
make[1]: Entering directory '/home/aditi/openmp/runtime/src/CMakeFiles/CMakeTmp'
Building C object CMakeFiles/cmTC_77a72.dir/src.c.o
/usr/bin/cc    -DLIBOMP_HAVE_WNO_SWITCH_FLAG   -Wswitch -o CMakeFiles/cmTC_77a72.dir/src.c.o   -c /home/aditi/openmp/runtime/src/CMakeFiles/CMakeTmp/src.c
Linking C executable cmTC_77a72
/usr/bin/cmake -E cmake_link_script CMakeFiles/cmTC_77a72.dir/link.txt --verbose=1
/usr/bin/cc   -DLIBOMP_HAVE_WNO_SWITCH_FLAG    CMakeFiles/cmTC_77a72.dir/src.c.o  -o cmTC_77a72 -rdynamic 
make[1]: Leaving directory '/home/aditi/openmp/runtime/src/CMakeFiles/CMakeTmp'

Source file was:
int main(void) { return 0; }
Performing C SOURCE FILE Test LIBOMP_HAVE_WNO_SIGN_COMPARE_FLAG succeeded with the following output:
Change Dir: /home/aditi/openmp/runtime/src/CMakeFiles/CMakeTmp

Run Build Command:"/usr/bin/make" "cmTC_a9ee4/fast"
/usr/bin/make -f CMakeFiles/cmTC_a9ee4.dir/build.make CMakeFiles/cmTC_a9ee4.dir/build
make[1]: Entering directory '/home/aditi/openmp/runtime/src/CMakeFiles/CMakeTmp'
Building C object CMakeFiles/cmTC_a9ee4.dir/src.c.o
/usr/bin/cc    -DLIBOMP_HAVE_WNO_SIGN_COMPARE_FLAG   -Wsign-compare -o CMakeFiles/cmTC_a9ee4.dir/src.c.o   -c /home/aditi/openmp/runtime/src/CMakeFiles/CMakeTmp/src.c
Linking C executable cmTC_a9ee4
/usr/bin/cmake -E cmake_link_script CMakeFiles/cmTC_a9ee4.dir/link.txt --verbose=1
/usr/bin/cc   -DLIBOMP_HAVE_WNO_SIGN_COMPARE_FLAG    CMakeFiles/cmTC_a9ee4.dir/src.c.o  -o cmTC_a9ee4 -rdynamic 
make[1]: Leaving directory '/home/aditi/openmp/runtime/src/CMakeFiles/CMakeTmp'

Source file was:
int main(void) { return 0; }
Performing C SOURCE FILE Test LIBOMP_HAVE_WNO_UNKNOWN_PRAGMAS_FLAG succeeded with the following output:
Change Dir: /home/aditi/openmp/runtime/src/CMakeFiles/CMakeTmp

Run Build Command:"/usr/bin/make" "cmTC_f7b2b/fast"
/usr/bin/make -f CMakeFiles/cmTC_f7b2b.dir/build.make CMakeFiles/cmTC_f7b2b.dir/build
make[1]: Entering directory '/home/aditi/openmp/runtime/src/CMakeFiles/CMakeTmp'
Building C object CMakeFiles/cmTC_f7b2b.dir/src.c.o
/usr/bin/cc    -DLIBOMP_HAVE_WNO_UNKNOWN_PRAGMAS_FLAG   -Wunknown-pragmas -o CMakeFiles/cmTC_f7b2b.dir/src.c.o   -c /home/aditi/openmp/runtime/src/CMakeFiles/CMakeTmp/src.c
Linking C executable cmTC_f7b2b
/usr/bin/cmake -E cmake_link_script CMakeFiles/cmTC_f7b2b.dir/link.txt --verbose=1
/usr/bin/cc   -DLIBOMP_HAVE_WNO_UNKNOWN_PRAGMAS_FLAG    CMakeFiles/cmTC_f7b2b.dir/src.c.o  -o cmTC_f7b2b -rdynamic 
make[1]: Leaving directory '/home/aditi/openmp/runtime/src/CMakeFiles/CMakeTmp'

Source file was:
int main(void) { return 0; }
Performing C SOURCE FILE Test LIBOMP_HAVE_WNO_MISSING_FIELD_INITIALIZERS_FLAG succeeded with the following output:
Change Dir: /home/aditi/openmp/runtime/src/CMakeFiles/CMakeTmp

Run Build Command:"/usr/bin/make" "cmTC_befe3/fast"
/usr/bin/make -f CMakeFiles/cmTC_befe3.dir/build.make CMakeFiles/cmTC_befe3.dir/build
make[1]: Entering directory '/home/aditi/openmp/runtime/src/CMakeFiles/CMakeTmp'
Building C object CMakeFiles/cmTC_befe3.dir/src.c.o
/usr/bin/cc    -DLIBOMP_HAVE_WNO_MISSING_FIELD_INITIALIZERS_FLAG   -Wmissing-field-initializers -o CMakeFiles/cmTC_befe3.dir/src.c.o   -c /home/aditi/openmp/runtime/src/CMakeFiles/CMakeTmp/src.c
Linking C executable cmTC_befe3
/usr/bin/cmake -E cmake_link_script CMakeFiles/cmTC_befe3.dir/link.txt --verbose=1
/usr/bin/cc   -DLIBOMP_HAVE_WNO_MISSING_FIELD_INITIALIZERS_FLAG    CMakeFiles/cmTC_befe3.dir/src.c.o  -o cmTC_befe3 -rdynamic 
make[1]: Leaving directory '/home/aditi/openmp/runtime/src/CMakeFiles/CMakeTmp'

Source file was:
int main(void) { return 0; }
Performing C SOURCE FILE Test LIBOMP_HAVE_WNO_MISSING_BRACES_FLAG succeeded with the following output:
Change Dir: /home/aditi/openmp/runtime/src/CMakeFiles/CMakeTmp

Run Build Command:"/usr/bin/make" "cmTC_f9fd1/fast"
/usr/bin/make -f CMakeFiles/cmTC_f9fd1.dir/build.make CMakeFiles/cmTC_f9fd1.dir/build
make[1]: Entering directory '/home/aditi/openmp/runtime/src/CMakeFiles/CMakeTmp'
Building C object CMakeFiles/cmTC_f9fd1.dir/src.c.o
/usr/bin/cc    -DLIBOMP_HAVE_WNO_MISSING_BRACES_FLAG   -Wmissing-braces -o CMakeFiles/cmTC_f9fd1.dir/src.c.o   -c /home/aditi/openmp/runtime/src/CMakeFiles/CMakeTmp/src.c
Linking C executable cmTC_f9fd1
/usr/bin/cmake -E cmake_link_script CMakeFiles/cmTC_f9fd1.dir/link.txt --verbose=1
/usr/bin/cc   -DLIBOMP_HAVE_WNO_MISSING_BRACES_FLAG    CMakeFiles/cmTC_f9fd1.dir/src.c.o  -o cmTC_f9fd1 -rdynamic 
make[1]: Leaving directory '/home/aditi/openmp/runtime/src/CMakeFiles/CMakeTmp'

Source file was:
int main(void) { return 0; }
Performing C SOURCE FILE Test LIBOMP_HAVE_WNO_COMMENT_FLAG succeeded with the following output:
Change Dir: /home/aditi/openmp/runtime/src/CMakeFiles/CMakeTmp

Run Build Command:"/usr/bin/make" "cmTC_87dc9/fast"
/usr/bin/make -f CMakeFiles/cmTC_87dc9.dir/build.make CMakeFiles/cmTC_87dc9.dir/build
make[1]: Entering directory '/home/aditi/openmp/runtime/src/CMakeFiles/CMakeTmp'
Building C object CMakeFiles/cmTC_87dc9.dir/src.c.o
/usr/bin/cc    -DLIBOMP_HAVE_WNO_COMMENT_FLAG   -Wcomment -o CMakeFiles/cmTC_87dc9.dir/src.c.o   -c /home/aditi/openmp/runtime/src/CMakeFiles/CMakeTmp/src.c
Linking C executable cmTC_87dc9
/usr/bin/cmake -E cmake_link_script CMakeFiles/cmTC_87dc9.dir/link.txt --verbose=1
/usr/bin/cc   -DLIBOMP_HAVE_WNO_COMMENT_FLAG    CMakeFiles/cmTC_87dc9.dir/src.c.o  -o cmTC_87dc9 -rdynamic 
make[1]: Leaving directory '/home/aditi/openmp/runtime/src/CMakeFiles/CMakeTmp'

Source file was:
int main(void) { return 0; }
Performing C SOURCE FILE Test LIBOMP_HAVE_MSSE2_FLAG succeeded with the following output:
Change Dir: /home/aditi/openmp/runtime/src/CMakeFiles/CMakeTmp

Run Build Command:"/usr/bin/make" "cmTC_15410/fast"
/usr/bin/make -f CMakeFiles/cmTC_15410.dir/build.make CMakeFiles/cmTC_15410.dir/build
make[1]: Entering directory '/home/aditi/openmp/runtime/src/CMakeFiles/CMakeTmp'
Building C object CMakeFiles/cmTC_15410.dir/src.c.o
/usr/bin/cc    -DLIBOMP_HAVE_MSSE2_FLAG   -msse2 -o CMakeFiles/cmTC_15410.dir/src.c.o   -c /home/aditi/openmp/runtime/src/CMakeFiles/CMakeTmp/src.c
Linking C executable cmTC_15410
/usr/bin/cmake -E cmake_link_script CMakeFiles/cmTC_15410.dir/link.txt --verbose=1
/usr/bin/cc   -DLIBOMP_HAVE_MSSE2_FLAG    CMakeFiles/cmTC_15410.dir/src.c.o  -o cmTC_15410 -rdynamic 
make[1]: Leaving directory '/home/aditi/openmp/runtime/src/CMakeFiles/CMakeTmp'

Source file was:
int main(void) { return 0; }
Performing C SOURCE FILE Test LIBOMP_HAVE_FTLS_MODEL_FLAG succeeded with the following output:
Change Dir: /home/aditi/openmp/runtime/src/CMakeFiles/CMakeTmp

Run Build Command:"/usr/bin/make" "cmTC_13d32/fast"
/usr/bin/make -f CMakeFiles/cmTC_13d32.dir/build.make CMakeFiles/cmTC_13d32.dir/build
make[1]: Entering directory '/home/aditi/openmp/runtime/src/CMakeFiles/CMakeTmp'
Building C object CMakeFiles/cmTC_13d32.dir/src.c.o
/usr/bin/cc    -DLIBOMP_HAVE_FTLS_MODEL_FLAG   -ftls-model=initial-exec -o CMakeFiles/cmTC_13d32.dir/src.c.o   -c /home/aditi/openmp/runtime/src/CMakeFiles/CMakeTmp/src.c
Linking C executable cmTC_13d32
/usr/bin/cmake -E cmake_link_script CMakeFiles/cmTC_13d32.dir/link.txt --verbose=1
/usr/bin/cc   -DLIBOMP_HAVE_FTLS_MODEL_FLAG    CMakeFiles/cmTC_13d32.dir/src.c.o  -o cmTC_13d32 -rdynamic 
make[1]: Leaving directory '/home/aditi/openmp/runtime/src/CMakeFiles/CMakeTmp'

Source file was:
int main(void) { return 0; }
Performing C Linker Flag test LIBOMP_HAVE_X_FLAG succeeded with the following output:
Change Dir: /home/aditi/openmp/runtime/src/CMakeFiles/CMakeTmp/link_flag_check_LIBOMP_HAVE_X_FLAG/build

Run Build Command:"/usr/bin/make"
Scanning dependencies of target foo
[ 50%] Building C object CMakeFiles/foo.dir/src_to_link.c.o
[100%] Linking C shared library libfoo.so
[100%] Built target foo

Source file was:
int foo(int a) { return a*a; }
Performing C Linker Flag test LIBOMP_HAVE_WARN_SHARED_TEXTREL_FLAG succeeded with the following output:
Change Dir: /home/aditi/openmp/runtime/src/CMakeFiles/CMakeTmp/link_flag_check_LIBOMP_HAVE_WARN_SHARED_TEXTREL_FLAG/build

Run Build Command:"/usr/bin/make"
Scanning dependencies of target foo
[ 50%] Building C object CMakeFiles/foo.dir/src_to_link.c.o
[100%] Linking C shared library libfoo.so
[100%] Built target foo

Source file was:
int foo(int a) { return a*a; }
Performing C Linker Flag test LIBOMP_HAVE_AS_NEEDED_FLAG succeeded with the following output:
Change Dir: /home/aditi/openmp/runtime/src/CMakeFiles/CMakeTmp/link_flag_check_LIBOMP_HAVE_AS_NEEDED_FLAG/build

Run Build Command:"/usr/bin/make"
Scanning dependencies of target foo
[ 50%] Building C object CMakeFiles/foo.dir/src_to_link.c.o
[100%] Linking C shared library libfoo.so
[100%] Built target foo

Source file was:
int foo(int a) { return a*a; }
Performing C Linker Flag test LIBOMP_HAVE_VERSION_SCRIPT_FLAG succeeded with the following output:
Change Dir: /home/aditi/openmp/runtime/src/CMakeFiles/CMakeTmp/link_flag_check_LIBOMP_HAVE_VERSION_SCRIPT_FLAG/build

Run Build Command:"/usr/bin/make"
Scanning dependencies of target foo
[ 50%] Building C object CMakeFiles/foo.dir/src_to_link.c.o
[100%] Linking C shared library libfoo.so
[100%] Built target foo

Source file was:
int foo(int a) { return a*a; }
Performing C Linker Flag test LIBOMP_HAVE_STATIC_LIBGCC_FLAG succeeded with the following output:
Change Dir: /home/aditi/openmp/runtime/src/CMakeFiles/CMakeTmp/link_flag_check_LIBOMP_HAVE_STATIC_LIBGCC_FLAG/build

Run Build Command:"/usr/bin/make"
Scanning dependencies of target foo
[ 50%] Building C object CMakeFiles/foo.dir/src_to_link.c.o
[100%] Linking C shared library libfoo.so
[100%] Built target foo

Source file was:
int foo(int a) { return a*a; }
Performing C Linker Flag test LIBOMP_HAVE_Z_NOEXECSTACK_FLAG succeeded with the following output:
Change Dir: /home/aditi/openmp/runtime/src/CMakeFiles/CMakeTmp/link_flag_check_LIBOMP_HAVE_Z_NOEXECSTACK_FLAG/build

Run Build Command:"/usr/bin/make"
Scanning dependencies of target foo
[ 50%] Building C object CMakeFiles/foo.dir/src_to_link.c.o
[100%] Linking C shared library libfoo.so
[100%] Built target foo

Source file was:
int foo(int a) { return a*a; }
Performing C Linker Flag test LIBOMP_HAVE_FINI_FLAG succeeded with the following output:
Change Dir: /home/aditi/openmp/runtime/src/CMakeFiles/CMakeTmp/link_flag_check_LIBOMP_HAVE_FINI_FLAG/build

Run Build Command:"/usr/bin/make"
Scanning dependencies of target foo
[ 50%] Building C object CMakeFiles/foo.dir/src_to_link.c.o
[100%] Linking C shared library libfoo.so
[100%] Built target foo

Source file was:
int foo(int a) { return a*a; }
Determining if the include file pthread.h exists passed with the following output:
Change Dir: /home/aditi/openmp/runtime/src/CMakeFiles/CMakeTmp

Run Build Command:"/usr/bin/make" "cmTC_f8fc7/fast"
/usr/bin/make -f CMakeFiles/cmTC_f8fc7.dir/build.make CMakeFiles/cmTC_f8fc7.dir/build
make[1]: Entering directory '/home/aditi/openmp/runtime/src/CMakeFiles/CMakeTmp'
Building C object CMakeFiles/cmTC_f8fc7.dir/CheckIncludeFile.c.o
/usr/bin/cc     -o CMakeFiles/cmTC_f8fc7.dir/CheckIncludeFile.c.o   -c /home/aditi/openmp/runtime/src/CMakeFiles/CMakeTmp/CheckIncludeFile.c
Linking C executable cmTC_f8fc7
/usr/bin/cmake -E cmake_link_script CMakeFiles/cmTC_f8fc7.dir/link.txt --verbose=1
/usr/bin/cc       CMakeFiles/cmTC_f8fc7.dir/CheckIncludeFile.c.o  -o cmTC_f8fc7 -rdynamic 
make[1]: Leaving directory '/home/aditi/openmp/runtime/src/CMakeFiles/CMakeTmp'


Determining if the function pthread_create exists in the pthread passed with the following output:
Change Dir: /home/aditi/openmp/runtime/src/CMakeFiles/CMakeTmp

Run Build Command:"/usr/bin/make" "cmTC_765bc/fast"
/usr/bin/make -f CMakeFiles/cmTC_765bc.dir/build.make CMakeFiles/cmTC_765bc.dir/build
make[1]: Entering directory '/home/aditi/openmp/runtime/src/CMakeFiles/CMakeTmp'
Building C object CMakeFiles/cmTC_765bc.dir/CheckFunctionExists.c.o
/usr/bin/cc    -DCHECK_FUNCTION_EXISTS=pthread_create   -o CMakeFiles/cmTC_765bc.dir/CheckFunctionExists.c.o   -c /usr/share/cmake-3.5/Modules/CheckFunctionExists.c
Linking C executable cmTC_765bc
/usr/bin/cmake -E cmake_link_script CMakeFiles/cmTC_765bc.dir/link.txt --verbose=1
/usr/bin/cc   -DCHECK_FUNCTION_EXISTS=pthread_create    CMakeFiles/cmTC_765bc.dir/CheckFunctionExists.c.o  -o cmTC_765bc -rdynamic -lpthread 
make[1]: Leaving directory '/home/aditi/openmp/runtime/src/CMakeFiles/CMakeTmp'


Performing C SOURCE FILE Test LIBOMP_HAVE_VERSION_SYMBOLS succeeded with the following output:
Change Dir: /home/aditi/openmp/runtime/src/CMakeFiles/CMakeTmp

Run Build Command:"/usr/bin/make" "cmTC_a1b9c/fast"
/usr/bin/make -f CMakeFiles/cmTC_a1b9c.dir/build.make CMakeFiles/cmTC_a1b9c.dir/build
make[1]: Entering directory '/home/aditi/openmp/runtime/src/CMakeFiles/CMakeTmp'
Building C object CMakeFiles/cmTC_a1b9c.dir/src.c.o
/usr/bin/cc    -DLIBOMP_HAVE_VERSION_SYMBOLS -Wl,--version-script=/home/aditi/openmp/runtime/src/__version_script.txt   -o CMakeFiles/cmTC_a1b9c.dir/src.c.o   -c /home/aditi/openmp/runtime/src/CMakeFiles/CMakeTmp/src.c
Linking C executable cmTC_a1b9c
/usr/bin/cmake -E cmake_link_script CMakeFiles/cmTC_a1b9c.dir/link.txt --verbose=1
/usr/bin/cc   -DLIBOMP_HAVE_VERSION_SYMBOLS -Wl,--version-script=/home/aditi/openmp/runtime/src/__version_script.txt    CMakeFiles/cmTC_a1b9c.dir/src.c.o  -o cmTC_a1b9c -rdynamic 
make[1]: Leaving directory '/home/aditi/openmp/runtime/src/CMakeFiles/CMakeTmp'

Source file was:
#include <stdio.h>
    void func1() { printf("Hello"); }
    void func2() { printf("World"); }
    __asm__(".symver func1, func@VER1");
    __asm__(".symver func2, func@VER2");
    int main() {
      func1();
      func2();
      return 0;
    }
Performing C SOURCE FILE Test LIBOMP_HAVE___BUILTIN_FRAME_ADDRESS succeeded with the following output:
Change Dir: /home/aditi/openmp/runtime/src/CMakeFiles/CMakeTmp

Run Build Command:"/usr/bin/make" "cmTC_12156/fast"
/usr/bin/make -f CMakeFiles/cmTC_12156.dir/build.make CMakeFiles/cmTC_12156.dir/build
make[1]: Entering directory '/home/aditi/openmp/runtime/src/CMakeFiles/CMakeTmp'
Building C object CMakeFiles/cmTC_12156.dir/src.c.o
/usr/bin/cc    -DLIBOMP_HAVE___BUILTIN_FRAME_ADDRESS   -o CMakeFiles/cmTC_12156.dir/src.c.o   -c /home/aditi/openmp/runtime/src/CMakeFiles/CMakeTmp/src.c
Linking C executable cmTC_12156
/usr/bin/cmake -E cmake_link_script CMakeFiles/cmTC_12156.dir/link.txt --verbose=1
/usr/bin/cc   -DLIBOMP_HAVE___BUILTIN_FRAME_ADDRESS    CMakeFiles/cmTC_12156.dir/src.c.o  -o cmTC_12156 -rdynamic 
make[1]: Leaving directory '/home/aditi/openmp/runtime/src/CMakeFiles/CMakeTmp'

Source file was:
int main(int argc, char** argv) {
  void* p = __builtin_frame_address(0);
  return 0;}
Performing C SOURCE FILE Test LIBOMP_HAVE_WEAK_ATTRIBUTE succeeded with the following output:
Change Dir: /home/aditi/openmp/runtime/src/CMakeFiles/CMakeTmp

Run Build Command:"/usr/bin/make" "cmTC_81e18/fast"
/usr/bin/make -f CMakeFiles/cmTC_81e18.dir/build.make CMakeFiles/cmTC_81e18.dir/build
make[1]: Entering directory '/home/aditi/openmp/runtime/src/CMakeFiles/CMakeTmp'
Building C object CMakeFiles/cmTC_81e18.dir/src.c.o
/usr/bin/cc    -DLIBOMP_HAVE_WEAK_ATTRIBUTE   -o CMakeFiles/cmTC_81e18.dir/src.c.o   -c /home/aditi/openmp/runtime/src/CMakeFiles/CMakeTmp/src.c
Linking C executable cmTC_81e18
/usr/bin/cmake -E cmake_link_script CMakeFiles/cmTC_81e18.dir/link.txt --verbose=1
/usr/bin/cc   -DLIBOMP_HAVE_WEAK_ATTRIBUTE    CMakeFiles/cmTC_81e18.dir/src.c.o  -o cmTC_81e18 -rdynamic 
make[1]: Leaving directory '/home/aditi/openmp/runtime/src/CMakeFiles/CMakeTmp'

Source file was:
__attribute__ ((weak)) int foo(int a) { return a*a; }
  int main(int argc, char** argv) {
  return foo(argc);}
Determining if the function sqrt exists in the m passed with the following output:
Change Dir: /home/aditi/openmp/runtime/src/CMakeFiles/CMakeTmp

Run Build Command:"/usr/bin/make" "cmTC_459b7/fast"
/usr/bin/make -f CMakeFiles/cmTC_459b7.dir/build.make CMakeFiles/cmTC_459b7.dir/build
make[1]: Entering directory '/home/aditi/openmp/runtime/src/CMakeFiles/CMakeTmp'
Building C object CMakeFiles/cmTC_459b7.dir/CheckFunctionExists.c.o
/usr/bin/cc    -DCHECK_FUNCTION_EXISTS=sqrt   -o CMakeFiles/cmTC_459b7.dir/CheckFunctionExists.c.o   -c /usr/share/cmake-3.5/Modules/CheckFunctionExists.c
<command-line>:0:23: warning: conflicting types for built-in function sqrt
/usr/share/cmake-3.5/Modules/CheckFunctionExists.c:6:6: note: in expansion of macro CHECK_FUNCTION_EXISTS
 char CHECK_FUNCTION_EXISTS();
      ^
Linking C executable cmTC_459b7
/usr/bin/cmake -E cmake_link_script CMakeFiles/cmTC_459b7.dir/link.txt --verbose=1
/usr/bin/cc   -DCHECK_FUNCTION_EXISTS=sqrt    CMakeFiles/cmTC_459b7.dir/CheckFunctionExists.c.o  -o cmTC_459b7 -rdynamic -lm 
make[1]: Leaving directory '/home/aditi/openmp/runtime/src/CMakeFiles/CMakeTmp'


Determining if the function __atomic_load_1 exists in the atomic passed with the following output:
Change Dir: /home/aditi/openmp/runtime/src/CMakeFiles/CMakeTmp

Run Build Command:"/usr/bin/make" "cmTC_19bf1/fast"
/usr/bin/make -f CMakeFiles/cmTC_19bf1.dir/build.make CMakeFiles/cmTC_19bf1.dir/build
make[1]: Entering directory '/home/aditi/openmp/runtime/src/CMakeFiles/CMakeTmp'
Building C object CMakeFiles/cmTC_19bf1.dir/CheckFunctionExists.c.o
/usr/bin/cc    -DCHECK_FUNCTION_EXISTS=__atomic_load_1   -o CMakeFiles/cmTC_19bf1.dir/CheckFunctionExists.c.o   -c /usr/share/cmake-3.5/Modules/CheckFunctionExists.c
<command-line>:0:23: warning: conflicting types for built-in function __atomic_load_1
/usr/share/cmake-3.5/Modules/CheckFunctionExists.c:6:6: note: in expansion of macro CHECK_FUNCTION_EXISTS
 char CHECK_FUNCTION_EXISTS();
      ^
Linking C executable cmTC_19bf1
/usr/bin/cmake -E cmake_link_script CMakeFiles/cmTC_19bf1.dir/link.txt --verbose=1
/usr/bin/cc   -DCHECK_FUNCTION_EXISTS=__atomic_load_1    CMakeFiles/cmTC_19bf1.dir/CheckFunctionExists.c.o  -o cmTC_19bf1 -rdynamic -latomic 
make[1]: Leaving directory '/home/aditi/openmp/runtime/src/CMakeFiles/CMakeTmp'


