Performing C SOURCE FILE Test LIBOMP_HAVE_WNO_UNUSED_LOCAL_TYPEDEF_FLAG failed with the following output:
Change Dir: /home/aditi/openmp/runtime/src/CMakeFiles/CMakeTmp

Run Build Command:"/usr/bin/make" "cmTC_9ba4f/fast"
/usr/bin/make -f CMakeFiles/cmTC_9ba4f.dir/build.make CMakeFiles/cmTC_9ba4f.dir/build
make[1]: Entering directory '/home/aditi/openmp/runtime/src/CMakeFiles/CMakeTmp'
Building C object CMakeFiles/cmTC_9ba4f.dir/src.c.o
/usr/bin/cc    -DLIBOMP_HAVE_WNO_UNUSED_LOCAL_TYPEDEF_FLAG   -Wunused-local-typedef -o CMakeFiles/cmTC_9ba4f.dir/src.c.o   -c /home/aditi/openmp/runtime/src/CMakeFiles/CMakeTmp/src.c
cc: error: unrecognized command line option '-Wunused-local-typedef'
CMakeFiles/cmTC_9ba4f.dir/build.make:65: recipe for target 'CMakeFiles/cmTC_9ba4f.dir/src.c.o' failed
make[1]: *** [CMakeFiles/cmTC_9ba4f.dir/src.c.o] Error 1
make[1]: Leaving directory '/home/aditi/openmp/runtime/src/CMakeFiles/CMakeTmp'
Makefile:126: recipe for target 'cmTC_9ba4f/fast' failed
make: *** [cmTC_9ba4f/fast] Error 2

Source file was:
int main(void) { return 0; }
Performing C SOURCE FILE Test LIBOMP_HAVE_WNO_COVERED_SWITCH_DEFAULT_FLAG failed with the following output:
Change Dir: /home/aditi/openmp/runtime/src/CMakeFiles/CMakeTmp

Run Build Command:"/usr/bin/make" "cmTC_aa885/fast"
/usr/bin/make -f CMakeFiles/cmTC_aa885.dir/build.make CMakeFiles/cmTC_aa885.dir/build
make[1]: Entering directory '/home/aditi/openmp/runtime/src/CMakeFiles/CMakeTmp'
Building C object CMakeFiles/cmTC_aa885.dir/src.c.o
/usr/bin/cc    -DLIBOMP_HAVE_WNO_COVERED_SWITCH_DEFAULT_FLAG   -Wcovered-switch-default -o CMakeFiles/cmTC_aa885.dir/src.c.o   -c /home/aditi/openmp/runtime/src/CMakeFiles/CMakeTmp/src.c
cc: error: unrecognized command line option '-Wcovered-switch-default'
CMakeFiles/cmTC_aa885.dir/build.make:65: recipe for target 'CMakeFiles/cmTC_aa885.dir/src.c.o' failed
make[1]: *** [CMakeFiles/cmTC_aa885.dir/src.c.o] Error 1
make[1]: Leaving directory '/home/aditi/openmp/runtime/src/CMakeFiles/CMakeTmp'
Makefile:126: recipe for target 'cmTC_aa885/fast' failed
make: *** [cmTC_aa885/fast] Error 2

Source file was:
int main(void) { return 0; }
Performing C SOURCE FILE Test LIBOMP_HAVE_WNO_DEPRECATED_REGISTER_FLAG failed with the following output:
Change Dir: /home/aditi/openmp/runtime/src/CMakeFiles/CMakeTmp

Run Build Command:"/usr/bin/make" "cmTC_140ca/fast"
/usr/bin/make -f CMakeFiles/cmTC_140ca.dir/build.make CMakeFiles/cmTC_140ca.dir/build
make[1]: Entering directory '/home/aditi/openmp/runtime/src/CMakeFiles/CMakeTmp'
Building C object CMakeFiles/cmTC_140ca.dir/src.c.o
/usr/bin/cc    -DLIBOMP_HAVE_WNO_DEPRECATED_REGISTER_FLAG   -Wdeprecated-register -o CMakeFiles/cmTC_140ca.dir/src.c.o   -c /home/aditi/openmp/runtime/src/CMakeFiles/CMakeTmp/src.c
cc: error: unrecognized command line option '-Wdeprecated-register'
CMakeFiles/cmTC_140ca.dir/build.make:65: recipe for target 'CMakeFiles/cmTC_140ca.dir/src.c.o' failed
make[1]: *** [CMakeFiles/cmTC_140ca.dir/src.c.o] Error 1
make[1]: Leaving directory '/home/aditi/openmp/runtime/src/CMakeFiles/CMakeTmp'
Makefile:126: recipe for target 'cmTC_140ca/fast' failed
make: *** [cmTC_140ca/fast] Error 2

Source file was:
int main(void) { return 0; }
Performing C SOURCE FILE Test LIBOMP_HAVE_WNO_GNU_ANONYMOUS_STRUCT_FLAG failed with the following output:
Change Dir: /home/aditi/openmp/runtime/src/CMakeFiles/CMakeTmp

Run Build Command:"/usr/bin/make" "cmTC_8bb71/fast"
/usr/bin/make -f CMakeFiles/cmTC_8bb71.dir/build.make CMakeFiles/cmTC_8bb71.dir/build
make[1]: Entering directory '/home/aditi/openmp/runtime/src/CMakeFiles/CMakeTmp'
Building C object CMakeFiles/cmTC_8bb71.dir/src.c.o
/usr/bin/cc    -DLIBOMP_HAVE_WNO_GNU_ANONYMOUS_STRUCT_FLAG   -Wgnu-anonymous-struct -o CMakeFiles/cmTC_8bb71.dir/src.c.o   -c /home/aditi/openmp/runtime/src/CMakeFiles/CMakeTmp/src.c
cc: error: unrecognized command line option '-Wgnu-anonymous-struct'
CMakeFiles/cmTC_8bb71.dir/build.make:65: recipe for target 'CMakeFiles/cmTC_8bb71.dir/src.c.o' failed
make[1]: *** [CMakeFiles/cmTC_8bb71.dir/src.c.o] Error 1
make[1]: Leaving directory '/home/aditi/openmp/runtime/src/CMakeFiles/CMakeTmp'
Makefile:126: recipe for target 'cmTC_8bb71/fast' failed
make: *** [cmTC_8bb71/fast] Error 2

Source file was:
int main(void) { return 0; }
Performing C SOURCE FILE Test LIBOMP_HAVE_WNO_SELF_ASSIGN_FLAG failed with the following output:
Change Dir: /home/aditi/openmp/runtime/src/CMakeFiles/CMakeTmp

Run Build Command:"/usr/bin/make" "cmTC_e1650/fast"
/usr/bin/make -f CMakeFiles/cmTC_e1650.dir/build.make CMakeFiles/cmTC_e1650.dir/build
make[1]: Entering directory '/home/aditi/openmp/runtime/src/CMakeFiles/CMakeTmp'
Building C object CMakeFiles/cmTC_e1650.dir/src.c.o
/usr/bin/cc    -DLIBOMP_HAVE_WNO_SELF_ASSIGN_FLAG   -Wself-assign -o CMakeFiles/cmTC_e1650.dir/src.c.o   -c /home/aditi/openmp/runtime/src/CMakeFiles/CMakeTmp/src.c
cc: error: unrecognized command line option '-Wself-assign'
CMakeFiles/cmTC_e1650.dir/build.make:65: recipe for target 'CMakeFiles/cmTC_e1650.dir/src.c.o' failed
make[1]: *** [CMakeFiles/cmTC_e1650.dir/src.c.o] Error 1
make[1]: Leaving directory '/home/aditi/openmp/runtime/src/CMakeFiles/CMakeTmp'
Makefile:126: recipe for target 'cmTC_e1650/fast' failed
make: *** [cmTC_e1650/fast] Error 2

Source file was:
int main(void) { return 0; }
Performing C SOURCE FILE Test LIBOMP_HAVE_WNO_VLA_EXTENSION_FLAG failed with the following output:
Change Dir: /home/aditi/openmp/runtime/src/CMakeFiles/CMakeTmp

Run Build Command:"/usr/bin/make" "cmTC_07393/fast"
/usr/bin/make -f CMakeFiles/cmTC_07393.dir/build.make CMakeFiles/cmTC_07393.dir/build
make[1]: Entering directory '/home/aditi/openmp/runtime/src/CMakeFiles/CMakeTmp'
Building C object CMakeFiles/cmTC_07393.dir/src.c.o
/usr/bin/cc    -DLIBOMP_HAVE_WNO_VLA_EXTENSION_FLAG   -Wvla-extension -o CMakeFiles/cmTC_07393.dir/src.c.o   -c /home/aditi/openmp/runtime/src/CMakeFiles/CMakeTmp/src.c
cc: error: unrecognized command line option '-Wvla-extension'
CMakeFiles/cmTC_07393.dir/build.make:65: recipe for target 'CMakeFiles/cmTC_07393.dir/src.c.o' failed
make[1]: *** [CMakeFiles/cmTC_07393.dir/src.c.o] Error 1
make[1]: Leaving directory '/home/aditi/openmp/runtime/src/CMakeFiles/CMakeTmp'
Makefile:126: recipe for target 'cmTC_07393/fast' failed
make: *** [cmTC_07393/fast] Error 2

Source file was:
int main(void) { return 0; }
Performing C SOURCE FILE Test LIBOMP_HAVE_WNO_FORMAT_PEDANTIC_FLAG failed with the following output:
Change Dir: /home/aditi/openmp/runtime/src/CMakeFiles/CMakeTmp

Run Build Command:"/usr/bin/make" "cmTC_72ad7/fast"
/usr/bin/make -f CMakeFiles/cmTC_72ad7.dir/build.make CMakeFiles/cmTC_72ad7.dir/build
make[1]: Entering directory '/home/aditi/openmp/runtime/src/CMakeFiles/CMakeTmp'
Building C object CMakeFiles/cmTC_72ad7.dir/src.c.o
/usr/bin/cc    -DLIBOMP_HAVE_WNO_FORMAT_PEDANTIC_FLAG   -Wformat-pedantic -o CMakeFiles/cmTC_72ad7.dir/src.c.o   -c /home/aditi/openmp/runtime/src/CMakeFiles/CMakeTmp/src.c
cc: error: unrecognized command line option '-Wformat-pedantic'
CMakeFiles/cmTC_72ad7.dir/build.make:65: recipe for target 'CMakeFiles/cmTC_72ad7.dir/src.c.o' failed
make[1]: *** [CMakeFiles/cmTC_72ad7.dir/src.c.o] Error 1
make[1]: Leaving directory '/home/aditi/openmp/runtime/src/CMakeFiles/CMakeTmp'
Makefile:126: recipe for target 'cmTC_72ad7/fast' failed
make: *** [cmTC_72ad7/fast] Error 2

Source file was:
int main(void) { return 0; }
Performing C SOURCE FILE Test LIBOMP_HAVE_MMIC_FLAG failed with the following output:
Change Dir: /home/aditi/openmp/runtime/src/CMakeFiles/CMakeTmp

Run Build Command:"/usr/bin/make" "cmTC_96a23/fast"
/usr/bin/make -f CMakeFiles/cmTC_96a23.dir/build.make CMakeFiles/cmTC_96a23.dir/build
make[1]: Entering directory '/home/aditi/openmp/runtime/src/CMakeFiles/CMakeTmp'
Building C object CMakeFiles/cmTC_96a23.dir/src.c.o
/usr/bin/cc    -DLIBOMP_HAVE_MMIC_FLAG -mmic   -mmic -o CMakeFiles/cmTC_96a23.dir/src.c.o   -c /home/aditi/openmp/runtime/src/CMakeFiles/CMakeTmp/src.c
cc: error: unrecognized command line option '-mmic'
cc: error: unrecognized command line option '-mmic'
CMakeFiles/cmTC_96a23.dir/build.make:65: recipe for target 'CMakeFiles/cmTC_96a23.dir/src.c.o' failed
make[1]: *** [CMakeFiles/cmTC_96a23.dir/src.c.o] Error 1
make[1]: Leaving directory '/home/aditi/openmp/runtime/src/CMakeFiles/CMakeTmp'
Makefile:126: recipe for target 'cmTC_96a23/fast' failed
make: *** [cmTC_96a23/fast] Error 2

Source file was:
int main(void) { return 0; }
Performing C SOURCE FILE Test LIBOMP_HAVE_M32_FLAG failed with the following output:
Change Dir: /home/aditi/openmp/runtime/src/CMakeFiles/CMakeTmp

Run Build Command:"/usr/bin/make" "cmTC_ae0d9/fast"
/usr/bin/make -f CMakeFiles/cmTC_ae0d9.dir/build.make CMakeFiles/cmTC_ae0d9.dir/build
make[1]: Entering directory '/home/aditi/openmp/runtime/src/CMakeFiles/CMakeTmp'
Building C object CMakeFiles/cmTC_ae0d9.dir/src.c.o
/usr/bin/cc    -DLIBOMP_HAVE_M32_FLAG -m32   -m32 -o CMakeFiles/cmTC_ae0d9.dir/src.c.o   -c /home/aditi/openmp/runtime/src/CMakeFiles/CMakeTmp/src.c
Linking C executable cmTC_ae0d9
/usr/bin/cmake -E cmake_link_script CMakeFiles/cmTC_ae0d9.dir/link.txt --verbose=1
/usr/bin/cc   -DLIBOMP_HAVE_M32_FLAG -m32    CMakeFiles/cmTC_ae0d9.dir/src.c.o  -o cmTC_ae0d9 -rdynamic 
/usr/bin/ld: cannot find crt1.o: No such file or directory
/usr/bin/ld: cannot find crti.o: No such file or directory
/usr/bin/ld: skipping incompatible /usr/lib/gcc/x86_64-linux-gnu/5/libgcc.a when searching for -lgcc
/usr/bin/ld: cannot find -lgcc
/usr/bin/ld: skipping incompatible /usr/lib/gcc/x86_64-linux-gnu/5/libgcc_s.so when searching for -lgcc_s
/usr/bin/ld: cannot find -lgcc_s
/usr/bin/ld: cannot find -lc
/usr/bin/ld: skipping incompatible /usr/lib/gcc/x86_64-linux-gnu/5/libgcc.a when searching for -lgcc
/usr/bin/ld: cannot find -lgcc
/usr/bin/ld: skipping incompatible /usr/lib/gcc/x86_64-linux-gnu/5/libgcc_s.so when searching for -lgcc_s
/usr/bin/ld: cannot find -lgcc_s
/usr/bin/ld: cannot find crtn.o: No such file or directory
collect2: error: ld returned 1 exit status
CMakeFiles/cmTC_ae0d9.dir/build.make:97: recipe for target 'cmTC_ae0d9' failed
make[1]: *** [cmTC_ae0d9] Error 1
make[1]: Leaving directory '/home/aditi/openmp/runtime/src/CMakeFiles/CMakeTmp'
Makefile:126: recipe for target 'cmTC_ae0d9/fast' failed
make: *** [cmTC_ae0d9/fast] Error 2

Source file was:
int main(void) { return 0; }
Determining if the pthread_create exist failed with the following output:
Change Dir: /home/aditi/openmp/runtime/src/CMakeFiles/CMakeTmp

Run Build Command:"/usr/bin/make" "cmTC_b34c7/fast"
/usr/bin/make -f CMakeFiles/cmTC_b34c7.dir/build.make CMakeFiles/cmTC_b34c7.dir/build
make[1]: Entering directory '/home/aditi/openmp/runtime/src/CMakeFiles/CMakeTmp'
Building C object CMakeFiles/cmTC_b34c7.dir/CheckSymbolExists.c.o
/usr/bin/cc     -o CMakeFiles/cmTC_b34c7.dir/CheckSymbolExists.c.o   -c /home/aditi/openmp/runtime/src/CMakeFiles/CMakeTmp/CheckSymbolExists.c
Linking C executable cmTC_b34c7
/usr/bin/cmake -E cmake_link_script CMakeFiles/cmTC_b34c7.dir/link.txt --verbose=1
/usr/bin/cc       CMakeFiles/cmTC_b34c7.dir/CheckSymbolExists.c.o  -o cmTC_b34c7 -rdynamic 
CMakeFiles/cmTC_b34c7.dir/CheckSymbolExists.c.o: In function `main':
CheckSymbolExists.c:(.text+0x16): undefined reference to `pthread_create'
collect2: error: ld returned 1 exit status
CMakeFiles/cmTC_b34c7.dir/build.make:97: recipe for target 'cmTC_b34c7' failed
make[1]: *** [cmTC_b34c7] Error 1
make[1]: Leaving directory '/home/aditi/openmp/runtime/src/CMakeFiles/CMakeTmp'
Makefile:126: recipe for target 'cmTC_b34c7/fast' failed
make: *** [cmTC_b34c7/fast] Error 2

File /home/aditi/openmp/runtime/src/CMakeFiles/CMakeTmp/CheckSymbolExists.c:
/* */
#include <pthread.h>

int main(int argc, char** argv)
{
  (void)argv;
#ifndef pthread_create
  return ((int*)(&pthread_create))[argc];
#else
  (void)argc;
  return 0;
#endif
}

Determining if the function pthread_create exists in the pthreads failed with the following output:
Change Dir: /home/aditi/openmp/runtime/src/CMakeFiles/CMakeTmp

Run Build Command:"/usr/bin/make" "cmTC_9cd3b/fast"
/usr/bin/make -f CMakeFiles/cmTC_9cd3b.dir/build.make CMakeFiles/cmTC_9cd3b.dir/build
make[1]: Entering directory '/home/aditi/openmp/runtime/src/CMakeFiles/CMakeTmp'
Building C object CMakeFiles/cmTC_9cd3b.dir/CheckFunctionExists.c.o
/usr/bin/cc    -DCHECK_FUNCTION_EXISTS=pthread_create   -o CMakeFiles/cmTC_9cd3b.dir/CheckFunctionExists.c.o   -c /usr/share/cmake-3.5/Modules/CheckFunctionExists.c
Linking C executable cmTC_9cd3b
/usr/bin/cmake -E cmake_link_script CMakeFiles/cmTC_9cd3b.dir/link.txt --verbose=1
/usr/bin/cc   -DCHECK_FUNCTION_EXISTS=pthread_create    CMakeFiles/cmTC_9cd3b.dir/CheckFunctionExists.c.o  -o cmTC_9cd3b -rdynamic -lpthreads 
/usr/bin/ld: cannot find -lpthreads
collect2: error: ld returned 1 exit status
CMakeFiles/cmTC_9cd3b.dir/build.make:97: recipe for target 'cmTC_9cd3b' failed
make[1]: *** [cmTC_9cd3b] Error 1
make[1]: Leaving directory '/home/aditi/openmp/runtime/src/CMakeFiles/CMakeTmp'
Makefile:126: recipe for target 'cmTC_9cd3b/fast' failed
make: *** [cmTC_9cd3b/fast] Error 2


Determining if files windows.h;psapi.h exist failed with the following output:
Change Dir: /home/aditi/openmp/runtime/src/CMakeFiles/CMakeTmp

Run Build Command:"/usr/bin/make" "cmTC_7ae12/fast"
/usr/bin/make -f CMakeFiles/cmTC_7ae12.dir/build.make CMakeFiles/cmTC_7ae12.dir/build
make[1]: Entering directory '/home/aditi/openmp/runtime/src/CMakeFiles/CMakeTmp'
Building C object CMakeFiles/cmTC_7ae12.dir/CheckIncludeFiles.c.o
/usr/bin/cc     -o CMakeFiles/cmTC_7ae12.dir/CheckIncludeFiles.c.o   -c /home/aditi/openmp/runtime/src/CMakeFiles/CMakeTmp/CheckIncludeFiles.c
/home/aditi/openmp/runtime/src/CMakeFiles/CMakeTmp/CheckIncludeFiles.c:2:21: fatal error: windows.h: No such file or directory
compilation terminated.
CMakeFiles/cmTC_7ae12.dir/build.make:65: recipe for target 'CMakeFiles/cmTC_7ae12.dir/CheckIncludeFiles.c.o' failed
make[1]: *** [CMakeFiles/cmTC_7ae12.dir/CheckIncludeFiles.c.o] Error 1
make[1]: Leaving directory '/home/aditi/openmp/runtime/src/CMakeFiles/CMakeTmp'
Makefile:126: recipe for target 'cmTC_7ae12/fast' failed
make: *** [cmTC_7ae12/fast] Error 2

Source:
/* */
#include <windows.h>
#include <psapi.h>


int main(void){return 0;}

Determining if the function EnumProcessModules exists in the psapi failed with the following output:
Change Dir: /home/aditi/openmp/runtime/src/CMakeFiles/CMakeTmp

Run Build Command:"/usr/bin/make" "cmTC_65289/fast"
/usr/bin/make -f CMakeFiles/cmTC_65289.dir/build.make CMakeFiles/cmTC_65289.dir/build
make[1]: Entering directory '/home/aditi/openmp/runtime/src/CMakeFiles/CMakeTmp'
Building C object CMakeFiles/cmTC_65289.dir/CheckFunctionExists.c.o
/usr/bin/cc    -DCHECK_FUNCTION_EXISTS=EnumProcessModules   -o CMakeFiles/cmTC_65289.dir/CheckFunctionExists.c.o   -c /usr/share/cmake-3.5/Modules/CheckFunctionExists.c
Linking C executable cmTC_65289
/usr/bin/cmake -E cmake_link_script CMakeFiles/cmTC_65289.dir/link.txt --verbose=1
/usr/bin/cc   -DCHECK_FUNCTION_EXISTS=EnumProcessModules    CMakeFiles/cmTC_65289.dir/CheckFunctionExists.c.o  -o cmTC_65289 -rdynamic -lpsapi 
/usr/bin/ld: cannot find -lpsapi
collect2: error: ld returned 1 exit status
CMakeFiles/cmTC_65289.dir/build.make:97: recipe for target 'cmTC_65289' failed
make[1]: *** [cmTC_65289] Error 1
make[1]: Leaving directory '/home/aditi/openmp/runtime/src/CMakeFiles/CMakeTmp'
Makefile:126: recipe for target 'cmTC_65289/fast' failed
make: *** [cmTC_65289/fast] Error 2


Determining if the function __atomic_load_1 exists failed with the following output:
Change Dir: /home/aditi/openmp/runtime/src/CMakeFiles/CMakeTmp

Run Build Command:"/usr/bin/make" "cmTC_d400b/fast"
/usr/bin/make -f CMakeFiles/cmTC_d400b.dir/build.make CMakeFiles/cmTC_d400b.dir/build
make[1]: Entering directory '/home/aditi/openmp/runtime/src/CMakeFiles/CMakeTmp'
Building C object CMakeFiles/cmTC_d400b.dir/CheckFunctionExists.c.o
/usr/bin/cc    -DCHECK_FUNCTION_EXISTS=__atomic_load_1   -o CMakeFiles/cmTC_d400b.dir/CheckFunctionExists.c.o   -c /usr/share/cmake-3.5/Modules/CheckFunctionExists.c
<command-line>:0:23: warning: conflicting types for built-in function ‘__atomic_load_1’
/usr/share/cmake-3.5/Modules/CheckFunctionExists.c:6:6: note: in expansion of macro ‘CHECK_FUNCTION_EXISTS’
 char CHECK_FUNCTION_EXISTS();
      ^
Linking C executable cmTC_d400b
/usr/bin/cmake -E cmake_link_script CMakeFiles/cmTC_d400b.dir/link.txt --verbose=1
/usr/bin/cc   -DCHECK_FUNCTION_EXISTS=__atomic_load_1    CMakeFiles/cmTC_d400b.dir/CheckFunctionExists.c.o  -o cmTC_d400b -rdynamic 
CMakeFiles/cmTC_d400b.dir/CheckFunctionExists.c.o: In function `main':
CheckFunctionExists.c:(.text+0x15): undefined reference to `__atomic_load_1'
collect2: error: ld returned 1 exit status
CMakeFiles/cmTC_d400b.dir/build.make:97: recipe for target 'cmTC_d400b' failed
make[1]: *** [cmTC_d400b] Error 1
make[1]: Leaving directory '/home/aditi/openmp/runtime/src/CMakeFiles/CMakeTmp'
Makefile:126: recipe for target 'cmTC_d400b/fast' failed
make: *** [cmTC_d400b/fast] Error 2


